{"level":"info","message":"Pool de conexão com o banco de dados MySQL pronto.","service":"serialboxd-app","timestamp":"2025-11-17 00:03:34"}
{"level":"info","message":"Pool de conexão com o banco de dados MySQL pronto.","service":"serialboxd-app","timestamp":"2025-11-17 00:03:34"}
{"level":"info","message":"Pool de conexão com o banco de dados MySQL pronto.","service":"serialboxd-app","timestamp":"2025-11-17 00:03:34"}
{"level":"info","message":"Servidor rodando em http://localhost:3000","service":"serialboxd-app","timestamp":"2025-11-17 00:03:34"}
{"level":"info","message":"Servidor rodando em http://localhost:3000","service":"serialboxd-app","timestamp":"2025-11-17 00:03:34"}
{"level":"info","message":"Servidor rodando em http://localhost:3000","service":"serialboxd-app","timestamp":"2025-11-17 00:03:34"}
{"level":"info","message":"Pool de conexão com o banco de dados MySQL pronto.","service":"serialboxd-app","timestamp":"2025-11-17 00:04:33"}
{"level":"info","message":"Servidor rodando em http://localhost:3000","service":"serialboxd-app","timestamp":"2025-11-17 00:04:33"}
{"ip":"::1","level":"info","message":"GET /","service":"serialboxd-app","timestamp":"2025-11-17 00:04:47"}
{"ip":"::1","level":"info","message":"GET /style.css","service":"serialboxd-app","timestamp":"2025-11-17 00:04:47"}
{"ip":"::1","level":"info","message":"GET /script.js","service":"serialboxd-app","timestamp":"2025-11-17 00:04:47"}
{"ip":"::1","level":"info","message":"POST /api/logout","service":"serialboxd-app","timestamp":"2025-11-17 00:04:51"}
{"ip":"::1","level":"info","message":"GET /login.html","service":"serialboxd-app","timestamp":"2025-11-17 00:04:51"}
{"ip":"::1","level":"info","message":"GET /style.css","service":"serialboxd-app","timestamp":"2025-11-17 00:04:51"}
{"ip":"::1","level":"info","message":"GET /script.js","service":"serialboxd-app","timestamp":"2025-11-17 00:04:51"}
{"ip":"::1","level":"info","message":"GET /cadastro.html","service":"serialboxd-app","timestamp":"2025-11-17 00:05:03"}
{"ip":"::1","level":"info","message":"GET /style.css","service":"serialboxd-app","timestamp":"2025-11-17 00:05:03"}
{"ip":"::1","level":"info","message":"GET /script.js","service":"serialboxd-app","timestamp":"2025-11-17 00:05:03"}
{"ip":"::1","level":"info","message":"POST /api/register","service":"serialboxd-app","timestamp":"2025-11-17 00:05:09"}
{"level":"info","message":"Novo usuário cadastrado: nicholafeafaesmoura@hotmail.com.br","service":"serialboxd-app","timestamp":"2025-11-17 00:05:09","userId":2}
{"ip":"::1","level":"info","message":"GET /login.html","service":"serialboxd-app","timestamp":"2025-11-17 00:05:10"}
{"ip":"::1","level":"info","message":"GET /style.css","service":"serialboxd-app","timestamp":"2025-11-17 00:05:10"}
{"ip":"::1","level":"info","message":"GET /script.js","service":"serialboxd-app","timestamp":"2025-11-17 00:05:10"}
{"ip":"::1","level":"info","message":"POST /login","service":"serialboxd-app","timestamp":"2025-11-17 00:05:23"}
{"level":"warn","message":"Tentativa de login falhou para o e-mail: teste@gmail.com (usuário não encontrado)","service":"serialboxd-app","timestamp":"2025-11-17 00:05:23"}
{"ip":"::1","level":"info","message":"GET /cadastro.html","service":"serialboxd-app","timestamp":"2025-11-17 00:05:27"}
{"ip":"::1","level":"info","message":"GET /style.css","service":"serialboxd-app","timestamp":"2025-11-17 00:05:27"}
{"ip":"::1","level":"info","message":"GET /script.js","service":"serialboxd-app","timestamp":"2025-11-17 00:05:27"}
{"ip":"::1","level":"info","message":"POST /api/register","service":"serialboxd-app","timestamp":"2025-11-17 00:05:41"}
{"level":"info","message":"Novo usuário cadastrado: teste@teste.com","service":"serialboxd-app","timestamp":"2025-11-17 00:05:41","userId":3}
{"ip":"::1","level":"info","message":"GET /login.html","service":"serialboxd-app","timestamp":"2025-11-17 00:05:42"}
{"ip":"::1","level":"info","message":"GET /style.css","service":"serialboxd-app","timestamp":"2025-11-17 00:05:42"}
{"ip":"::1","level":"info","message":"GET /script.js","service":"serialboxd-app","timestamp":"2025-11-17 00:05:42"}
{"ip":"::1","level":"info","message":"POST /login","service":"serialboxd-app","timestamp":"2025-11-17 00:05:51"}
{"level":"info","message":"Login bem-sucedido para o e-mail: teste@teste.com","service":"serialboxd-app","timestamp":"2025-11-17 00:05:51","userId":3}
{"ip":"::1","level":"info","message":"GET /","service":"serialboxd-app","timestamp":"2025-11-17 00:05:51"}
{"ip":"::1","level":"info","message":"GET /style.css","service":"serialboxd-app","timestamp":"2025-11-17 00:05:51"}
{"ip":"::1","level":"info","message":"GET /script.js","service":"serialboxd-app","timestamp":"2025-11-17 00:05:51"}
{"ip":"::1","level":"info","message":"GET /perfil.html","service":"serialboxd-app","timestamp":"2025-11-17 00:05:54"}
{"ip":"::1","level":"info","message":"GET /style.css","service":"serialboxd-app","timestamp":"2025-11-17 00:05:54"}
{"ip":"::1","level":"info","message":"GET /script.js","service":"serialboxd-app","timestamp":"2025-11-17 00:05:54"}
{"ip":"::1","level":"info","message":"GET /","service":"serialboxd-app","timestamp":"2025-11-17 00:05:56"}
{"ip":"::1","level":"info","message":"GET /style.css","service":"serialboxd-app","timestamp":"2025-11-17 00:05:56"}
{"ip":"::1","level":"info","message":"GET /script.js","service":"serialboxd-app","timestamp":"2025-11-17 00:05:56"}
{"level":"info","message":"Pool de conexão com o banco de dados MySQL pronto.","service":"serialboxd-app","timestamp":"2025-11-17 00:06:28"}
{"level":"info","message":"Servidor rodando em http://localhost:3000","service":"serialboxd-app","timestamp":"2025-11-17 00:06:28"}
{"level":"info","message":"Pool de conexão com o banco de dados MySQL pronto.","service":"serialboxd-app","timestamp":"2025-11-17 00:07:41"}
{"level":"info","message":"Servidor rodando em http://localhost:3000","service":"serialboxd-app","timestamp":"2025-11-17 00:07:41"}
{"ip":"::1","level":"info","message":"POST /api/logout","service":"serialboxd-app","timestamp":"2025-11-17 00:08:16"}
{"level":"info","message":"Sessão revogada (logout) para o usuário","service":"serialboxd-app","timestamp":"2025-11-17 00:08:16","userId":3}
{"ip":"::1","level":"info","message":"GET /login.html","service":"serialboxd-app","timestamp":"2025-11-17 00:08:16"}
{"ip":"::1","level":"info","message":"GET /style.css","service":"serialboxd-app","timestamp":"2025-11-17 00:08:16"}
{"ip":"::1","level":"info","message":"GET /script.js","service":"serialboxd-app","timestamp":"2025-11-17 00:08:16"}
{"ip":"::1","level":"info","message":"GET /perfil.html","service":"serialboxd-app","timestamp":"2025-11-17 00:09:06"}
{"ip":"::1","level":"info","message":"GET /style.css","service":"serialboxd-app","timestamp":"2025-11-17 00:09:06"}
{"ip":"::1","level":"info","message":"GET /script.js","service":"serialboxd-app","timestamp":"2025-11-17 00:09:06"}
{"level":"info","message":"Pool de conexão com o banco de dados MySQL pronto.","service":"serialboxd-app","timestamp":"2025-11-17 21:52:54"}
{"level":"info","message":"Servidor rodando em http://localhost:3000","service":"serialboxd-app","timestamp":"2025-11-17 21:52:54"}
{"ip":"::1","level":"info","message":"GET /","service":"serialboxd-app","timestamp":"2025-11-17 21:53:42"}
{"ip":"::1","level":"info","message":"GET /style.css","service":"serialboxd-app","timestamp":"2025-11-17 21:53:42"}
{"ip":"::1","level":"info","message":"GET /script.js","service":"serialboxd-app","timestamp":"2025-11-17 21:53:42"}
{"ip":"::1","level":"info","message":"GET /favicon.ico","service":"serialboxd-app","timestamp":"2025-11-17 21:53:42"}
{"ip":"::1","level":"info","message":"GET /login.html","service":"serialboxd-app","timestamp":"2025-11-17 21:53:44"}
{"ip":"::1","level":"info","message":"GET /style.css","service":"serialboxd-app","timestamp":"2025-11-17 21:53:44"}
{"ip":"::1","level":"info","message":"GET /script.js","service":"serialboxd-app","timestamp":"2025-11-17 21:53:44"}
{"ip":"::1","level":"info","message":"GET /cadastro.html","service":"serialboxd-app","timestamp":"2025-11-17 21:53:46"}
{"ip":"::1","level":"info","message":"GET /style.css","service":"serialboxd-app","timestamp":"2025-11-17 21:53:46"}
{"ip":"::1","level":"info","message":"GET /script.js","service":"serialboxd-app","timestamp":"2025-11-17 21:53:46"}
{"ip":"::1","level":"info","message":"GET /images/favicon.ico","service":"serialboxd-app","timestamp":"2025-11-17 21:53:46"}
{"ip":"::1","level":"info","message":"POST /api/register","service":"serialboxd-app","timestamp":"2025-11-17 21:53:56"}
{"level":"info","message":"Novo usuário cadastrado: teste2@teste.com","service":"serialboxd-app","timestamp":"2025-11-17 21:53:56","userId":4}
{"ip":"::1","level":"info","message":"GET /login.html","service":"serialboxd-app","timestamp":"2025-11-17 21:53:58"}
{"ip":"::1","level":"info","message":"GET /style.css","service":"serialboxd-app","timestamp":"2025-11-17 21:53:58"}
{"ip":"::1","level":"info","message":"GET /script.js","service":"serialboxd-app","timestamp":"2025-11-17 21:53:58"}
{"ip":"::1","level":"info","message":"POST /login","service":"serialboxd-app","timestamp":"2025-11-17 21:54:16"}
{"level":"warn","message":"Tentativa de login falhou para o e-mail: teste2@teste.com (senha incorreta)","service":"serialboxd-app","timestamp":"2025-11-17 21:54:16","userId":4}
{"ip":"::1","level":"info","message":"POST /login","service":"serialboxd-app","timestamp":"2025-11-17 21:54:20"}
{"level":"info","message":"Login bem-sucedido para o e-mail: teste2@teste.com","service":"serialboxd-app","timestamp":"2025-11-17 21:54:21","userId":4}
{"ip":"::1","level":"info","message":"GET /","service":"serialboxd-app","timestamp":"2025-11-17 21:54:21"}
{"ip":"::1","level":"info","message":"GET /style.css","service":"serialboxd-app","timestamp":"2025-11-17 21:54:21"}
{"ip":"::1","level":"info","message":"GET /script.js","service":"serialboxd-app","timestamp":"2025-11-17 21:54:21"}
{"ip":"::1","level":"info","message":"GET /perfil.html","service":"serialboxd-app","timestamp":"2025-11-17 21:54:25"}
{"ip":"::1","level":"info","message":"GET /style.css","service":"serialboxd-app","timestamp":"2025-11-17 21:54:25"}
{"ip":"::1","level":"info","message":"GET /script.js","service":"serialboxd-app","timestamp":"2025-11-17 21:54:25"}
{"ip":"::1","level":"info","message":"GET /","service":"serialboxd-app","timestamp":"2025-11-17 21:54:27"}
{"ip":"::1","level":"info","message":"GET /style.css","service":"serialboxd-app","timestamp":"2025-11-17 21:54:27"}
{"ip":"::1","level":"info","message":"GET /script.js","service":"serialboxd-app","timestamp":"2025-11-17 21:54:27"}
{"ip":"::1","level":"info","message":"GET /catalog","service":"serialboxd-app","timestamp":"2025-11-17 21:54:28"}
{"ip":"::1","level":"info","message":"GET /catalog","service":"serialboxd-app","timestamp":"2025-11-17 21:54:34"}
{"level":"info","message":"Pool de conexão com o banco de dados MySQL pronto.","service":"serialboxd-app","timestamp":"2025-11-17 22:03:28"}
{"level":"info","message":"Servidor rodando em http://localhost:3000","service":"serialboxd-app","timestamp":"2025-11-17 22:03:28"}
{"level":"info","message":"Pool de conexão com o banco de dados MySQL pronto.","service":"serialboxd-app","timestamp":"2025-11-17 22:03:42"}
{"level":"info","message":"Servidor rodando em http://localhost:3000","service":"serialboxd-app","timestamp":"2025-11-17 22:03:42"}
{"ip":"::1","level":"info","message":"GET /","service":"serialboxd-app","timestamp":"2025-11-17 22:03:46"}
{"ip":"::1","level":"info","message":"GET /style.css","service":"serialboxd-app","timestamp":"2025-11-17 22:03:46"}
{"ip":"::1","level":"info","message":"GET /script.js","service":"serialboxd-app","timestamp":"2025-11-17 22:03:46"}
{"ip":"::1","level":"info","message":"GET /api/tmdb/recent","service":"serialboxd-app","timestamp":"2025-11-17 22:03:46"}
{"error":{"status_code":7,"status_message":"Invalid API key: You must be granted a valid key.","success":false},"level":"error","message":"Erro ao buscar lançamentos do TMDB:","service":"serialboxd-app","timestamp":"2025-11-17 22:03:47"}
{"ip":"::1","level":"info","message":"GET /api/tmdb/popular","service":"serialboxd-app","timestamp":"2025-11-17 22:03:47"}
{"error":{"status_code":7,"status_message":"Invalid API key: You must be granted a valid key.","success":false},"level":"error","message":"Erro ao buscar séries populares do TMDB:","service":"serialboxd-app","timestamp":"2025-11-17 22:03:47"}
{"ip":"::1","level":"info","message":"GET /catalog","service":"serialboxd-app","timestamp":"2025-11-17 22:03:48"}
{"ip":"::1","level":"info","message":"GET /style.css","service":"serialboxd-app","timestamp":"2025-11-17 22:03:48"}
{"ip":"::1","level":"info","message":"GET /catalog.js","service":"serialboxd-app","timestamp":"2025-11-17 22:03:48"}
{"ip":"::1","level":"info","message":"GET /api/tmdb/popular","service":"serialboxd-app","timestamp":"2025-11-17 22:03:48"}
{"error":{"status_code":7,"status_message":"Invalid API key: You must be granted a valid key.","success":false},"level":"error","message":"Erro ao buscar séries populares do TMDB:","service":"serialboxd-app","timestamp":"2025-11-17 22:03:48"}
{"ip":"::1","level":"info","message":"GET /catalog","service":"serialboxd-app","timestamp":"2025-11-17 22:03:50"}
{"ip":"::1","level":"info","message":"GET /style.css","service":"serialboxd-app","timestamp":"2025-11-17 22:03:50"}
{"ip":"::1","level":"info","message":"GET /catalog.js","service":"serialboxd-app","timestamp":"2025-11-17 22:03:50"}
{"ip":"::1","level":"info","message":"GET /api/tmdb/popular","service":"serialboxd-app","timestamp":"2025-11-17 22:03:50"}
{"error":{"status_code":7,"status_message":"Invalid API key: You must be granted a valid key.","success":false},"level":"error","message":"Erro ao buscar séries populares do TMDB:","service":"serialboxd-app","timestamp":"2025-11-17 22:03:50"}
{"ip":"::1","level":"info","message":"GET /","service":"serialboxd-app","timestamp":"2025-11-17 22:05:34"}
{"ip":"::1","level":"info","message":"GET /style.css","service":"serialboxd-app","timestamp":"2025-11-17 22:05:34"}
{"ip":"::1","level":"info","message":"GET /script.js","service":"serialboxd-app","timestamp":"2025-11-17 22:05:34"}
{"ip":"::1","level":"info","message":"GET /api/tmdb/recent","service":"serialboxd-app","timestamp":"2025-11-17 22:05:34"}
{"error":{"status_code":7,"status_message":"Invalid API key: You must be granted a valid key.","success":false},"level":"error","message":"Erro ao buscar lançamentos do TMDB:","service":"serialboxd-app","timestamp":"2025-11-17 22:05:35"}
{"ip":"::1","level":"info","message":"GET /api/tmdb/popular","service":"serialboxd-app","timestamp":"2025-11-17 22:05:35"}
{"error":{"status_code":7,"status_message":"Invalid API key: You must be granted a valid key.","success":false},"level":"error","message":"Erro ao buscar séries populares do TMDB:","service":"serialboxd-app","timestamp":"2025-11-17 22:05:35"}
{"ip":"::1","level":"info","message":"GET /catalog","service":"serialboxd-app","timestamp":"2025-11-17 22:05:35"}
{"ip":"::1","level":"info","message":"GET /style.css","service":"serialboxd-app","timestamp":"2025-11-17 22:05:35"}
{"ip":"::1","level":"info","message":"GET /catalog.js","service":"serialboxd-app","timestamp":"2025-11-17 22:05:35"}
{"ip":"::1","level":"info","message":"GET /api/tmdb/popular","service":"serialboxd-app","timestamp":"2025-11-17 22:05:35"}
{"error":{"status_code":7,"status_message":"Invalid API key: You must be granted a valid key.","success":false},"level":"error","message":"Erro ao buscar séries populares do TMDB:","service":"serialboxd-app","timestamp":"2025-11-17 22:05:35"}
{"ip":"::1","level":"info","message":"GET /catalog","service":"serialboxd-app","timestamp":"2025-11-17 22:05:36"}
{"ip":"::1","level":"info","message":"GET /style.css","service":"serialboxd-app","timestamp":"2025-11-17 22:05:36"}
{"ip":"::1","level":"info","message":"GET /catalog.js","service":"serialboxd-app","timestamp":"2025-11-17 22:05:36"}
{"ip":"::1","level":"info","message":"GET /api/tmdb/popular","service":"serialboxd-app","timestamp":"2025-11-17 22:05:36"}
{"error":{"status_code":7,"status_message":"Invalid API key: You must be granted a valid key.","success":false},"level":"error","message":"Erro ao buscar séries populares do TMDB:","service":"serialboxd-app","timestamp":"2025-11-17 22:05:37"}
{"ip":"::1","level":"info","message":"GET /style.css","service":"serialboxd-app","timestamp":"2025-11-17 22:06:58"}
{"ip":"::1","level":"info","message":"GET /.well-known/appspecific/com.chrome.devtools.json","service":"serialboxd-app","timestamp":"2025-11-17 22:06:58"}
{"level":"info","message":"Pool de conexão com o banco de dados MySQL pronto.","service":"serialboxd-app","timestamp":"2025-11-17 22:14:51"}
{"level":"info","message":"Servidor rodando em http://localhost:3000","service":"serialboxd-app","timestamp":"2025-11-17 22:14:51"}
{"ip":"::1","level":"info","message":"GET /catalog","service":"serialboxd-app","timestamp":"2025-11-17 22:14:54"}
{"ip":"::1","level":"info","message":"GET /.well-known/appspecific/com.chrome.devtools.json","service":"serialboxd-app","timestamp":"2025-11-17 22:14:54"}
{"ip":"::1","level":"info","message":"GET /style.css","service":"serialboxd-app","timestamp":"2025-11-17 22:14:54"}
{"ip":"::1","level":"info","message":"GET /catalog.js","service":"serialboxd-app","timestamp":"2025-11-17 22:14:54"}
{"ip":"::1","level":"info","message":"GET /api/tmdb/popular","service":"serialboxd-app","timestamp":"2025-11-17 22:14:54"}
{"error":{"status_code":7,"status_message":"Invalid API key: You must be granted a valid key.","success":false},"level":"error","message":"Erro ao buscar séries populares do TMDB:","service":"serialboxd-app","timestamp":"2025-11-17 22:14:55"}
{"level":"info","message":"Pool de conexão com o banco de dados MySQL pronto.","service":"serialboxd-app","timestamp":"2025-11-17 22:16:11"}
{"level":"info","message":"Pool de conexão com o banco de dados MySQL pronto.","service":"serialboxd-app","timestamp":"2025-11-17 22:16:11"}
{"level":"info","message":"Servidor rodando em http://localhost:3000","service":"serialboxd-app","timestamp":"2025-11-17 22:16:11"}
{"level":"info","message":"Servidor rodando em http://localhost:3000","service":"serialboxd-app","timestamp":"2025-11-17 22:16:11"}
{"level":"info","message":"Pool de conexão com o banco de dados MySQL pronto.","service":"serialboxd-app","timestamp":"2025-11-17 22:16:14"}
{"level":"info","message":"Servidor rodando em http://localhost:3000","service":"serialboxd-app","timestamp":"2025-11-17 22:16:14"}
{"level":"info","message":"Pool de conexão com o banco de dados MySQL pronto.","service":"serialboxd-app","timestamp":"2025-11-17 22:16:14"}
{"level":"info","message":"Servidor rodando em http://localhost:3000","service":"serialboxd-app","timestamp":"2025-11-17 22:16:14"}
{"ip":"::1","level":"info","message":"GET /catalog","service":"serialboxd-app","timestamp":"2025-11-17 22:16:19"}
{"ip":"::1","level":"info","message":"GET /.well-known/appspecific/com.chrome.devtools.json","service":"serialboxd-app","timestamp":"2025-11-17 22:16:19"}
{"ip":"::1","level":"info","message":"GET /style.css","service":"serialboxd-app","timestamp":"2025-11-17 22:16:19"}
{"ip":"::1","level":"info","message":"GET /catalog.js","service":"serialboxd-app","timestamp":"2025-11-17 22:16:19"}
{"ip":"::1","level":"info","message":"GET /api/tmdb/discover?page=1","service":"serialboxd-app","timestamp":"2025-11-17 22:16:19"}
{"level":"info","message":"Pool de conexão com o banco de dados MySQL pronto.","service":"serialboxd-app","timestamp":"2025-11-17 22:17:48"}
{"level":"info","message":"Servidor rodando em http://localhost:3000","service":"serialboxd-app","timestamp":"2025-11-17 22:17:48"}
{"level":"info","message":"Pool de conexão com o banco de dados MySQL pronto.","service":"serialboxd-app","timestamp":"2025-11-17 22:17:48"}
{"level":"info","message":"Servidor rodando em http://localhost:3000","service":"serialboxd-app","timestamp":"2025-11-17 22:17:48"}
{"ip":"::1","level":"info","message":"GET /catalog","service":"serialboxd-app","timestamp":"2025-11-17 22:17:59"}
{"ip":"::1","level":"info","message":"GET /.well-known/appspecific/com.chrome.devtools.json","service":"serialboxd-app","timestamp":"2025-11-17 22:17:59"}
{"ip":"::1","level":"info","message":"GET /css/style.css","service":"serialboxd-app","timestamp":"2025-11-17 22:17:59"}
{"ip":"::1","level":"info","message":"GET /js/gtag-stub.js","service":"serialboxd-app","timestamp":"2025-11-17 22:17:59"}
{"ip":"::1","level":"info","message":"GET /catalog.js","service":"serialboxd-app","timestamp":"2025-11-17 22:17:59"}
{"ip":"::1","level":"info","message":"GET /api/tmdb/discover?page=1","service":"serialboxd-app","timestamp":"2025-11-17 22:17:59"}
{"ip":"::1","level":"info","message":"GET /catalog","service":"serialboxd-app","timestamp":"2025-11-17 22:18:00"}
{"ip":"::1","level":"info","message":"GET /.well-known/appspecific/com.chrome.devtools.json","service":"serialboxd-app","timestamp":"2025-11-17 22:18:00"}
{"ip":"::1","level":"info","message":"GET /css/style.css","service":"serialboxd-app","timestamp":"2025-11-17 22:18:00"}
{"ip":"::1","level":"info","message":"GET /js/gtag-stub.js","service":"serialboxd-app","timestamp":"2025-11-17 22:18:00"}
{"ip":"::1","level":"info","message":"GET /catalog.js","service":"serialboxd-app","timestamp":"2025-11-17 22:18:00"}
{"ip":"::1","level":"info","message":"GET /api/tmdb/discover?page=1","service":"serialboxd-app","timestamp":"2025-11-17 22:18:00"}
{"ip":"::1","level":"info","message":"GET /catalog","service":"serialboxd-app","timestamp":"2025-11-17 22:18:30"}
{"ip":"::1","level":"info","message":"GET /.well-known/appspecific/com.chrome.devtools.json","service":"serialboxd-app","timestamp":"2025-11-17 22:18:30"}
{"ip":"::1","level":"info","message":"GET /style.css","service":"serialboxd-app","timestamp":"2025-11-17 22:18:30"}
{"ip":"::1","level":"info","message":"GET /js/gtag-stub.js","service":"serialboxd-app","timestamp":"2025-11-17 22:18:30"}
{"ip":"::1","level":"info","message":"GET /catalog.js","service":"serialboxd-app","timestamp":"2025-11-17 22:18:30"}
{"ip":"::1","level":"info","message":"GET /api/tmdb/discover?page=1","service":"serialboxd-app","timestamp":"2025-11-17 22:18:30"}
{"ip":"::1","level":"info","message":"GET /api/tmdb/discover?page=2","service":"serialboxd-app","timestamp":"2025-11-17 22:18:37"}
{"ip":"::1","level":"info","message":"GET /api/tmdb/discover?page=3","service":"serialboxd-app","timestamp":"2025-11-17 22:18:38"}
{"ip":"::1","level":"info","message":"GET /api/tmdb/discover?page=2","service":"serialboxd-app","timestamp":"2025-11-17 22:18:39"}
{"ip":"::1","level":"info","message":"GET /api/tmdb/discover?page=1","service":"serialboxd-app","timestamp":"2025-11-17 22:18:39"}
{"ip":"::1","level":"info","message":"GET /login","service":"serialboxd-app","timestamp":"2025-11-17 22:20:21"}
{"ip":"::1","level":"info","message":"GET /login","service":"serialboxd-app","timestamp":"2025-11-17 22:21:15"}
{"ip":"::1","level":"info","message":"GET /catalog","service":"serialboxd-app","timestamp":"2025-11-17 22:21:17"}
{"ip":"::1","level":"info","message":"GET /style.css","service":"serialboxd-app","timestamp":"2025-11-17 22:21:17"}
{"ip":"::1","level":"info","message":"GET /js/gtag-stub.js","service":"serialboxd-app","timestamp":"2025-11-17 22:21:17"}
{"ip":"::1","level":"info","message":"GET /catalog.js","service":"serialboxd-app","timestamp":"2025-11-17 22:21:17"}
{"ip":"::1","level":"info","message":"GET /api/tmdb/discover?page=1","service":"serialboxd-app","timestamp":"2025-11-17 22:21:17"}
{"ip":"::1","level":"info","message":"GET /login.html","service":"serialboxd-app","timestamp":"2025-11-17 22:21:19"}
{"ip":"::1","level":"info","message":"GET /style.css","service":"serialboxd-app","timestamp":"2025-11-17 22:21:19"}
{"ip":"::1","level":"info","message":"GET /script.js","service":"serialboxd-app","timestamp":"2025-11-17 22:21:19"}
{"ip":"::1","level":"info","message":"GET /api/tmdb/recent","service":"serialboxd-app","timestamp":"2025-11-17 22:21:19"}
{"ip":"::1","level":"info","message":"GET /cadastro.html","service":"serialboxd-app","timestamp":"2025-11-17 22:21:21"}
{"ip":"::1","level":"info","message":"GET /style.css","service":"serialboxd-app","timestamp":"2025-11-17 22:21:21"}
{"ip":"::1","level":"info","message":"GET /script.js","service":"serialboxd-app","timestamp":"2025-11-17 22:21:21"}
{"ip":"::1","level":"info","message":"GET /api/tmdb/recent","service":"serialboxd-app","timestamp":"2025-11-17 22:21:21"}
{"ip":"::1","level":"info","message":"GET /catalog.html","service":"serialboxd-app","timestamp":"2025-11-17 22:21:23"}
{"ip":"::1","level":"info","message":"GET /style.css","service":"serialboxd-app","timestamp":"2025-11-17 22:21:23"}
{"ip":"::1","level":"info","message":"GET /js/gtag-stub.js","service":"serialboxd-app","timestamp":"2025-11-17 22:21:23"}
{"ip":"::1","level":"info","message":"GET /catalog.js","service":"serialboxd-app","timestamp":"2025-11-17 22:21:23"}
{"ip":"::1","level":"info","message":"GET /api/tmdb/discover?page=1","service":"serialboxd-app","timestamp":"2025-11-17 22:21:23"}
{"ip":"::1","level":"info","message":"GET /api/tmdb/discover?page=2","service":"serialboxd-app","timestamp":"2025-11-17 22:21:28"}
{"ip":"::1","level":"info","message":"GET /api/tmdb/discover?page=1","service":"serialboxd-app","timestamp":"2025-11-17 22:21:28"}
{"ip":"::1","level":"info","message":"GET /catalog.html","service":"serialboxd-app","timestamp":"2025-11-17 22:21:46"}
{"ip":"::1","level":"info","message":"GET /style.css","service":"serialboxd-app","timestamp":"2025-11-17 22:21:46"}
{"ip":"::1","level":"info","message":"GET /js/gtag-stub.js","service":"serialboxd-app","timestamp":"2025-11-17 22:21:46"}
{"ip":"::1","level":"info","message":"GET /catalog.js","service":"serialboxd-app","timestamp":"2025-11-17 22:21:46"}
{"ip":"::1","level":"info","message":"GET /api/tmdb/discover?page=1","service":"serialboxd-app","timestamp":"2025-11-17 22:21:46"}
{"level":"info","message":"Pool de conexão com o banco de dados MySQL pronto.","service":"serialboxd-app","timestamp":"2025-11-17 22:23:07"}
{"level":"info","message":"Pool de conexão com o banco de dados MySQL pronto.","service":"serialboxd-app","timestamp":"2025-11-17 22:23:07"}
{"level":"info","message":"Servidor rodando em http://localhost:3000","service":"serialboxd-app","timestamp":"2025-11-17 22:23:07"}
{"level":"info","message":"Servidor rodando em http://localhost:3000","service":"serialboxd-app","timestamp":"2025-11-17 22:23:07"}
{"ip":"::1","level":"info","message":"GET /catalog.html","service":"serialboxd-app","timestamp":"2025-11-17 22:23:10"}
{"ip":"::1","level":"info","message":"GET /style.css","service":"serialboxd-app","timestamp":"2025-11-17 22:23:10"}
{"ip":"::1","level":"info","message":"GET /js/gtag-stub.js","service":"serialboxd-app","timestamp":"2025-11-17 22:23:10"}
{"ip":"::1","level":"info","message":"GET /catalog.js","service":"serialboxd-app","timestamp":"2025-11-17 22:23:10"}
{"ip":"::1","level":"info","message":"GET /api/tmdb/discover?page=1","service":"serialboxd-app","timestamp":"2025-11-17 22:23:10"}
{"ip":"::1","level":"info","message":"GET /api/tmdb/discover?page=2","service":"serialboxd-app","timestamp":"2025-11-17 22:23:14"}
{"ip":"::1","level":"info","message":"GET /api/tmdb/discover?page=3","service":"serialboxd-app","timestamp":"2025-11-17 22:23:17"}
{"ip":"::1","level":"info","message":"GET /catalog.html","service":"serialboxd-app","timestamp":"2025-11-17 22:23:23"}
{"ip":"::1","level":"info","message":"GET /style.css","service":"serialboxd-app","timestamp":"2025-11-17 22:23:23"}
{"ip":"::1","level":"info","message":"GET /js/gtag-stub.js","service":"serialboxd-app","timestamp":"2025-11-17 22:23:23"}
{"ip":"::1","level":"info","message":"GET /catalog.js","service":"serialboxd-app","timestamp":"2025-11-17 22:23:23"}
{"ip":"::1","level":"info","message":"GET /api/tmdb/discover?page=1","service":"serialboxd-app","timestamp":"2025-11-17 22:23:24"}
{"ip":"::1","level":"info","message":"GET /","service":"serialboxd-app","timestamp":"2025-11-17 22:23:25"}
{"ip":"::1","level":"info","message":"GET /style.css","service":"serialboxd-app","timestamp":"2025-11-17 22:23:25"}
{"ip":"::1","level":"info","message":"GET /script.js","service":"serialboxd-app","timestamp":"2025-11-17 22:23:25"}
{"ip":"::1","level":"info","message":"GET /api/tmdb/recent","service":"serialboxd-app","timestamp":"2025-11-17 22:23:25"}
{"ip":"::1","level":"info","message":"GET /perfil.html","service":"serialboxd-app","timestamp":"2025-11-17 22:23:31"}
{"ip":"::1","level":"info","message":"GET /style.css","service":"serialboxd-app","timestamp":"2025-11-17 22:23:31"}
{"ip":"::1","level":"info","message":"GET /script.js","service":"serialboxd-app","timestamp":"2025-11-17 22:23:31"}
{"ip":"::1","level":"info","message":"GET /api/tmdb/recent","service":"serialboxd-app","timestamp":"2025-11-17 22:23:31"}
{"ip":"::1","level":"info","message":"POST /api/user/avatar","service":"serialboxd-app","timestamp":"2025-11-17 22:23:34"}
{"ip":"::1","level":"info","message":"POST /api/auth/refresh","service":"serialboxd-app","timestamp":"2025-11-17 22:23:34"}
{"ip":"::1","level":"info","message":"POST /api/user/avatar","service":"serialboxd-app","timestamp":"2025-11-17 22:23:34"}
{"avatarUrl":"/uploads/avatars/4-1763429014710-228487089.png","level":"info","message":"Avatar atualizado para o usuário","service":"serialboxd-app","timestamp":"2025-11-17 22:23:34","userId":4}
{"ip":"::1","level":"info","message":"GET /","service":"serialboxd-app","timestamp":"2025-11-17 22:23:36"}
{"ip":"::1","level":"info","message":"GET /style.css","service":"serialboxd-app","timestamp":"2025-11-17 22:23:36"}
{"ip":"::1","level":"info","message":"GET /script.js","service":"serialboxd-app","timestamp":"2025-11-17 22:23:36"}
{"ip":"::1","level":"info","message":"GET /api/tmdb/recent","service":"serialboxd-app","timestamp":"2025-11-17 22:23:36"}
{"ip":"::1","level":"info","message":"GET /uploads/avatars/4-1763429014710-228487089.png","service":"serialboxd-app","timestamp":"2025-11-17 22:23:36"}
{"level":"info","message":"Pool de conexão com o banco de dados MySQL pronto.","service":"serialboxd-app","timestamp":"2025-11-17 22:24:43"}
{"level":"info","message":"Servidor rodando em http://localhost:3000","service":"serialboxd-app","timestamp":"2025-11-17 22:24:43"}
{"level":"info","message":"Pool de conexão com o banco de dados MySQL pronto.","service":"serialboxd-app","timestamp":"2025-11-17 22:24:43"}
{"level":"info","message":"Servidor rodando em http://localhost:3000","service":"serialboxd-app","timestamp":"2025-11-17 22:24:43"}
{"ip":"::1","level":"info","message":"GET /","service":"serialboxd-app","timestamp":"2025-11-17 22:24:47"}
{"ip":"::1","level":"info","message":"GET /style.css","service":"serialboxd-app","timestamp":"2025-11-17 22:24:47"}
{"ip":"::1","level":"info","message":"GET /script.js","service":"serialboxd-app","timestamp":"2025-11-17 22:24:47"}
{"ip":"::1","level":"info","message":"GET /api/tmdb/recent","service":"serialboxd-app","timestamp":"2025-11-17 22:24:47"}
{"ip":"::1","level":"info","message":"GET /uploads/avatars/4-1763429014710-228487089.png","service":"serialboxd-app","timestamp":"2025-11-17 22:24:47"}
{"ip":"::1","level":"info","message":"GET /perfil.html","service":"serialboxd-app","timestamp":"2025-11-17 22:24:49"}
{"ip":"::1","level":"info","message":"GET /style.css","service":"serialboxd-app","timestamp":"2025-11-17 22:24:49"}
{"ip":"::1","level":"info","message":"GET /script.js","service":"serialboxd-app","timestamp":"2025-11-17 22:24:49"}
{"ip":"::1","level":"info","message":"GET /api/tmdb/recent","service":"serialboxd-app","timestamp":"2025-11-17 22:24:49"}
{"ip":"::1","level":"info","message":"GET /uploads/avatars/4-1763429014710-228487089.png","service":"serialboxd-app","timestamp":"2025-11-17 22:24:49"}
{"ip":"::1","level":"info","message":"GET /catalog","service":"serialboxd-app","timestamp":"2025-11-17 22:24:59"}
{"ip":"::1","level":"info","message":"GET /style.css","service":"serialboxd-app","timestamp":"2025-11-17 22:24:59"}
{"ip":"::1","level":"info","message":"GET /js/gtag-stub.js","service":"serialboxd-app","timestamp":"2025-11-17 22:24:59"}
{"ip":"::1","level":"info","message":"GET /catalog.js","service":"serialboxd-app","timestamp":"2025-11-17 22:24:59"}
{"ip":"::1","level":"info","message":"GET /api/tmdb/discover?page=1","service":"serialboxd-app","timestamp":"2025-11-17 22:24:59"}
{"ip":"::1","level":"info","message":"GET /","service":"serialboxd-app","timestamp":"2025-11-17 22:25:00"}
{"ip":"::1","level":"info","message":"GET /style.css","service":"serialboxd-app","timestamp":"2025-11-17 22:25:00"}
{"ip":"::1","level":"info","message":"GET /script.js","service":"serialboxd-app","timestamp":"2025-11-17 22:25:00"}
{"ip":"::1","level":"info","message":"GET /api/tmdb/recent","service":"serialboxd-app","timestamp":"2025-11-17 22:25:00"}
{"ip":"::1","level":"info","message":"GET /uploads/avatars/4-1763429014710-228487089.png","service":"serialboxd-app","timestamp":"2025-11-17 22:25:00"}
{"level":"info","message":"Pool de conexão com o banco de dados MySQL pronto.","service":"serialboxd-app","timestamp":"2025-11-17 22:27:09"}
{"level":"info","message":"Pool de conexão com o banco de dados MySQL pronto.","service":"serialboxd-app","timestamp":"2025-11-17 22:27:09"}
{"level":"info","message":"Servidor rodando em http://localhost:3000","service":"serialboxd-app","timestamp":"2025-11-17 22:27:09"}
{"level":"info","message":"Servidor rodando em http://localhost:3000","service":"serialboxd-app","timestamp":"2025-11-17 22:27:09"}
{"level":"info","message":"Pool de conexão com o banco de dados MySQL pronto.","service":"serialboxd-app","timestamp":"2025-11-17 22:27:59"}
{"level":"info","message":"Pool de conexão com o banco de dados MySQL pronto.","service":"serialboxd-app","timestamp":"2025-11-17 22:27:59"}
{"level":"info","message":"Servidor rodando em http://localhost:3000","service":"serialboxd-app","timestamp":"2025-11-17 22:27:59"}
{"level":"info","message":"Servidor rodando em http://localhost:3000","service":"serialboxd-app","timestamp":"2025-11-17 22:27:59"}
{"level":"info","message":"Pool de conexão com o banco de dados MySQL pronto.","service":"serialboxd-app","timestamp":"2025-11-17 22:28:03"}
{"level":"info","message":"Pool de conexão com o banco de dados MySQL pronto.","service":"serialboxd-app","timestamp":"2025-11-17 22:28:03"}
{"level":"info","message":"Servidor rodando em http://localhost:3000","service":"serialboxd-app","timestamp":"2025-11-17 22:28:03"}
{"level":"info","message":"Servidor rodando em http://localhost:3000","service":"serialboxd-app","timestamp":"2025-11-17 22:28:03"}
{"ip":"::1","level":"info","message":"GET /","service":"serialboxd-app","timestamp":"2025-11-17 22:28:08"}
{"ip":"::1","level":"info","message":"GET /style.css","service":"serialboxd-app","timestamp":"2025-11-17 22:28:08"}
{"ip":"::1","level":"info","message":"GET /script.js","service":"serialboxd-app","timestamp":"2025-11-17 22:28:08"}
{"ip":"::1","level":"info","message":"GET /api/tmdb/recent","service":"serialboxd-app","timestamp":"2025-11-17 22:28:08"}
{"ip":"::1","level":"info","message":"GET /uploads/avatars/4-1763429014710-228487089.png","service":"serialboxd-app","timestamp":"2025-11-17 22:28:08"}
{"ip":"::1","level":"info","message":"GET /","service":"serialboxd-app","timestamp":"2025-11-17 22:28:10"}
{"ip":"::1","level":"info","message":"GET /style.css","service":"serialboxd-app","timestamp":"2025-11-17 22:28:10"}
{"ip":"::1","level":"info","message":"GET /script.js","service":"serialboxd-app","timestamp":"2025-11-17 22:28:10"}
{"ip":"::1","level":"info","message":"GET /api/tmdb/recent","service":"serialboxd-app","timestamp":"2025-11-17 22:28:10"}
{"ip":"::1","level":"info","message":"GET /uploads/avatars/4-1763429014710-228487089.png","service":"serialboxd-app","timestamp":"2025-11-17 22:28:10"}
{"ip":"::1","level":"info","message":"GET /catalog","service":"serialboxd-app","timestamp":"2025-11-17 22:28:10"}
{"ip":"::1","level":"info","message":"GET /style.css","service":"serialboxd-app","timestamp":"2025-11-17 22:28:10"}
{"ip":"::1","level":"info","message":"GET /js/gtag-stub.js","service":"serialboxd-app","timestamp":"2025-11-17 22:28:10"}
{"ip":"::1","level":"info","message":"GET /catalog.js","service":"serialboxd-app","timestamp":"2025-11-17 22:28:10"}
{"ip":"::1","level":"info","message":"GET /api/tmdb/discover?page=1","service":"serialboxd-app","timestamp":"2025-11-17 22:28:10"}
{"ip":"::1","level":"info","message":"GET /serie.html?id=66732","service":"serialboxd-app","timestamp":"2025-11-17 22:28:11"}
{"ip":"::1","level":"info","message":"GET /style.css","service":"serialboxd-app","timestamp":"2025-11-17 22:28:11"}
{"ip":"::1","level":"info","message":"GET /serie.js","service":"serialboxd-app","timestamp":"2025-11-17 22:28:11"}
{"ip":"::1","level":"info","message":"GET /api/tmdb/tv/66732","service":"serialboxd-app","timestamp":"2025-11-17 22:28:11"}
{"ip":"::1","level":"info","message":"GET /serie.html?id=200875","service":"serialboxd-app","timestamp":"2025-11-17 22:28:27"}
{"ip":"::1","level":"info","message":"GET /style.css","service":"serialboxd-app","timestamp":"2025-11-17 22:28:27"}
{"ip":"::1","level":"info","message":"GET /serie.js","service":"serialboxd-app","timestamp":"2025-11-17 22:28:27"}
{"ip":"::1","level":"info","message":"GET /api/tmdb/tv/200875","service":"serialboxd-app","timestamp":"2025-11-17 22:28:27"}
{"ip":"::1","level":"info","message":"GET /","service":"serialboxd-app","timestamp":"2025-11-17 22:28:44"}
{"ip":"::1","level":"info","message":"GET /style.css","service":"serialboxd-app","timestamp":"2025-11-17 22:28:44"}
{"ip":"::1","level":"info","message":"GET /script.js","service":"serialboxd-app","timestamp":"2025-11-17 22:28:44"}
{"ip":"::1","level":"info","message":"GET /api/tmdb/recent","service":"serialboxd-app","timestamp":"2025-11-17 22:28:44"}
{"ip":"::1","level":"info","message":"GET /uploads/avatars/4-1763429014710-228487089.png","service":"serialboxd-app","timestamp":"2025-11-17 22:28:44"}
{"ip":"::1","level":"info","message":"GET /catalog","service":"serialboxd-app","timestamp":"2025-11-17 22:28:46"}
{"ip":"::1","level":"info","message":"GET /style.css","service":"serialboxd-app","timestamp":"2025-11-17 22:28:46"}
{"ip":"::1","level":"info","message":"GET /js/gtag-stub.js","service":"serialboxd-app","timestamp":"2025-11-17 22:28:46"}
{"ip":"::1","level":"info","message":"GET /catalog.js","service":"serialboxd-app","timestamp":"2025-11-17 22:28:46"}
{"ip":"::1","level":"info","message":"GET /api/tmdb/discover?page=1","service":"serialboxd-app","timestamp":"2025-11-17 22:28:46"}
{"ip":"::1","level":"info","message":"GET /catalog","service":"serialboxd-app","timestamp":"2025-11-17 22:35:26"}
{"ip":"::1","level":"info","message":"GET /style.css","service":"serialboxd-app","timestamp":"2025-11-17 22:35:26"}
{"ip":"::1","level":"info","message":"GET /catalog.js","service":"serialboxd-app","timestamp":"2025-11-17 22:35:26"}
{"ip":"::1","level":"info","message":"GET /js/gtag-stub.js","service":"serialboxd-app","timestamp":"2025-11-17 22:35:26"}
{"ip":"::1","level":"info","message":"GET /script.js","service":"serialboxd-app","timestamp":"2025-11-17 22:35:26"}
{"ip":"::1","level":"info","message":"GET /api/tmdb/recent","service":"serialboxd-app","timestamp":"2025-11-17 22:35:26"}
{"ip":"::1","level":"info","message":"GET /api/tmdb/discover?page=1","service":"serialboxd-app","timestamp":"2025-11-17 22:35:26"}
{"ip":"::1","level":"info","message":"GET /cadastro.html","service":"serialboxd-app","timestamp":"2025-11-17 22:35:28"}
{"ip":"::1","level":"info","message":"GET /style.css","service":"serialboxd-app","timestamp":"2025-11-17 22:35:28"}
{"ip":"::1","level":"info","message":"GET /script.js","service":"serialboxd-app","timestamp":"2025-11-17 22:35:28"}
{"ip":"::1","level":"info","message":"GET /api/tmdb/recent","service":"serialboxd-app","timestamp":"2025-11-17 22:35:28"}
{"ip":"::1","level":"info","message":"GET /","service":"serialboxd-app","timestamp":"2025-11-17 22:36:21"}
{"ip":"::1","level":"info","message":"GET /style.css","service":"serialboxd-app","timestamp":"2025-11-17 22:36:21"}
{"ip":"::1","level":"info","message":"GET /script.js","service":"serialboxd-app","timestamp":"2025-11-17 22:36:21"}
{"ip":"::1","level":"info","message":"GET /api/tmdb/recent","service":"serialboxd-app","timestamp":"2025-11-17 22:36:21"}
{"ip":"::1","level":"info","message":"GET /uploads/avatars/4-1763429014710-228487089.png","service":"serialboxd-app","timestamp":"2025-11-17 22:36:21"}
{"ip":"::1","level":"info","message":"POST /api/logout","service":"serialboxd-app","timestamp":"2025-11-17 22:36:22"}
{"level":"info","message":"Sessão revogada (logout) para o usuário","service":"serialboxd-app","timestamp":"2025-11-17 22:36:22","userId":4}
{"ip":"::1","level":"info","message":"GET /login.html","service":"serialboxd-app","timestamp":"2025-11-17 22:36:22"}
{"ip":"::1","level":"info","message":"GET /style.css","service":"serialboxd-app","timestamp":"2025-11-17 22:36:22"}
{"ip":"::1","level":"info","message":"GET /script.js","service":"serialboxd-app","timestamp":"2025-11-17 22:36:22"}
{"ip":"::1","level":"info","message":"GET /api/tmdb/recent","service":"serialboxd-app","timestamp":"2025-11-17 22:36:22"}
{"ip":"::1","level":"info","message":"GET /cadastro.html","service":"serialboxd-app","timestamp":"2025-11-17 22:36:24"}
{"ip":"::1","level":"info","message":"GET /style.css","service":"serialboxd-app","timestamp":"2025-11-17 22:36:24"}
{"ip":"::1","level":"info","message":"GET /script.js","service":"serialboxd-app","timestamp":"2025-11-17 22:36:24"}
{"ip":"::1","level":"info","message":"GET /api/tmdb/recent","service":"serialboxd-app","timestamp":"2025-11-17 22:36:24"}
{"ip":"::1","level":"info","message":"POST /api/register","service":"serialboxd-app","timestamp":"2025-11-17 22:36:42"}
{"level":"info","message":"Novo usuário cadastrado: nic@nic.com","service":"serialboxd-app","timestamp":"2025-11-17 22:36:43","userId":5}
{"ip":"::1","level":"info","message":"GET /login.html","service":"serialboxd-app","timestamp":"2025-11-17 22:36:44"}
{"ip":"::1","level":"info","message":"GET /style.css","service":"serialboxd-app","timestamp":"2025-11-17 22:36:44"}
{"ip":"::1","level":"info","message":"GET /script.js","service":"serialboxd-app","timestamp":"2025-11-17 22:36:44"}
{"ip":"::1","level":"info","message":"GET /api/tmdb/recent","service":"serialboxd-app","timestamp":"2025-11-17 22:36:44"}
{"ip":"::1","level":"info","message":"POST /login","service":"serialboxd-app","timestamp":"2025-11-17 22:36:53"}
{"level":"info","message":"Login bem-sucedido para o e-mail: nic@nic.com","service":"serialboxd-app","timestamp":"2025-11-17 22:36:53","userId":5}
{"ip":"::1","level":"info","message":"GET /","service":"serialboxd-app","timestamp":"2025-11-17 22:36:53"}
{"ip":"::1","level":"info","message":"GET /style.css","service":"serialboxd-app","timestamp":"2025-11-17 22:36:53"}
{"ip":"::1","level":"info","message":"GET /script.js","service":"serialboxd-app","timestamp":"2025-11-17 22:36:53"}
{"ip":"::1","level":"info","message":"GET /api/tmdb/recent","service":"serialboxd-app","timestamp":"2025-11-17 22:36:53"}
{"ip":"::1","level":"info","message":"GET /catalog","service":"serialboxd-app","timestamp":"2025-11-17 22:36:57"}
{"ip":"::1","level":"info","message":"GET /style.css","service":"serialboxd-app","timestamp":"2025-11-17 22:36:57"}
{"ip":"::1","level":"info","message":"GET /catalog.js","service":"serialboxd-app","timestamp":"2025-11-17 22:36:57"}
{"ip":"::1","level":"info","message":"GET /js/gtag-stub.js","service":"serialboxd-app","timestamp":"2025-11-17 22:36:57"}
{"ip":"::1","level":"info","message":"GET /script.js","service":"serialboxd-app","timestamp":"2025-11-17 22:36:57"}
{"ip":"::1","level":"info","message":"GET /api/tmdb/recent","service":"serialboxd-app","timestamp":"2025-11-17 22:36:57"}
{"ip":"::1","level":"info","message":"GET /api/tmdb/discover?page=1","service":"serialboxd-app","timestamp":"2025-11-17 22:36:57"}
{"level":"info","message":"Pool de conexão com o banco de dados MySQL pronto.","service":"serialboxd-app","timestamp":"2025-11-17 22:37:07"}
{"level":"info","message":"Servidor rodando em http://localhost:3000","service":"serialboxd-app","timestamp":"2025-11-17 22:37:07"}
{"ip":"::1","level":"info","message":"GET /catalog","service":"serialboxd-app","timestamp":"2025-11-17 22:37:09"}
{"ip":"::1","level":"info","message":"GET /style.css","service":"serialboxd-app","timestamp":"2025-11-17 22:37:09"}
{"ip":"::1","level":"info","message":"GET /js/gtag-stub.js","service":"serialboxd-app","timestamp":"2025-11-17 22:37:09"}
{"ip":"::1","level":"info","message":"GET /script.js","service":"serialboxd-app","timestamp":"2025-11-17 22:37:09"}
{"ip":"::1","level":"info","message":"GET /catalog.js","service":"serialboxd-app","timestamp":"2025-11-17 22:37:09"}
{"ip":"::1","level":"info","message":"GET /api/tmdb/recent","service":"serialboxd-app","timestamp":"2025-11-17 22:37:09"}
{"ip":"::1","level":"info","message":"GET /api/tmdb/discover?page=1","service":"serialboxd-app","timestamp":"2025-11-17 22:37:09"}
{"ip":"::1","level":"info","message":"GET /","service":"serialboxd-app","timestamp":"2025-11-17 22:37:15"}
{"ip":"::1","level":"info","message":"GET /style.css","service":"serialboxd-app","timestamp":"2025-11-17 22:37:15"}
{"ip":"::1","level":"info","message":"GET /script.js","service":"serialboxd-app","timestamp":"2025-11-17 22:37:15"}
{"ip":"::1","level":"info","message":"GET /api/tmdb/recent","service":"serialboxd-app","timestamp":"2025-11-17 22:37:15"}
{"ip":"::1","level":"info","message":"GET /catalog","service":"serialboxd-app","timestamp":"2025-11-17 22:37:17"}
{"ip":"::1","level":"info","message":"GET /style.css","service":"serialboxd-app","timestamp":"2025-11-17 22:37:17"}
{"ip":"::1","level":"info","message":"GET /js/gtag-stub.js","service":"serialboxd-app","timestamp":"2025-11-17 22:37:17"}
{"ip":"::1","level":"info","message":"GET /script.js","service":"serialboxd-app","timestamp":"2025-11-17 22:37:17"}
{"ip":"::1","level":"info","message":"GET /catalog.js","service":"serialboxd-app","timestamp":"2025-11-17 22:37:17"}
{"ip":"::1","level":"info","message":"GET /api/tmdb/recent","service":"serialboxd-app","timestamp":"2025-11-17 22:37:17"}
{"ip":"::1","level":"info","message":"GET /api/tmdb/discover?page=1","service":"serialboxd-app","timestamp":"2025-11-17 22:37:17"}
{"ip":"::1","level":"info","message":"POST /api/logout","service":"serialboxd-app","timestamp":"2025-11-17 22:37:18"}
{"level":"info","message":"Sessão revogada (logout) para o usuário","service":"serialboxd-app","timestamp":"2025-11-17 22:37:18","userId":5}
{"ip":"::1","level":"info","message":"GET /login.html","service":"serialboxd-app","timestamp":"2025-11-17 22:37:18"}
{"ip":"::1","level":"info","message":"GET /style.css","service":"serialboxd-app","timestamp":"2025-11-17 22:37:18"}
{"ip":"::1","level":"info","message":"GET /script.js","service":"serialboxd-app","timestamp":"2025-11-17 22:37:18"}
{"ip":"::1","level":"info","message":"GET /api/tmdb/recent","service":"serialboxd-app","timestamp":"2025-11-17 22:37:18"}
{"ip":"::1","level":"info","message":"GET /","service":"serialboxd-app","timestamp":"2025-11-17 22:37:24"}
{"ip":"::1","level":"info","message":"GET /style.css","service":"serialboxd-app","timestamp":"2025-11-17 22:37:24"}
{"ip":"::1","level":"info","message":"GET /script.js","service":"serialboxd-app","timestamp":"2025-11-17 22:37:24"}
{"ip":"::1","level":"info","message":"GET /api/tmdb/recent","service":"serialboxd-app","timestamp":"2025-11-17 22:37:24"}
{"ip":"::1","level":"info","message":"GET /catalog","service":"serialboxd-app","timestamp":"2025-11-17 22:37:26"}
{"ip":"::1","level":"info","message":"GET /style.css","service":"serialboxd-app","timestamp":"2025-11-17 22:37:26"}
{"ip":"::1","level":"info","message":"GET /js/gtag-stub.js","service":"serialboxd-app","timestamp":"2025-11-17 22:37:26"}
{"ip":"::1","level":"info","message":"GET /script.js","service":"serialboxd-app","timestamp":"2025-11-17 22:37:26"}
{"ip":"::1","level":"info","message":"GET /catalog.js","service":"serialboxd-app","timestamp":"2025-11-17 22:37:26"}
{"ip":"::1","level":"info","message":"GET /api/tmdb/recent","service":"serialboxd-app","timestamp":"2025-11-17 22:37:26"}
{"ip":"::1","level":"info","message":"GET /api/tmdb/discover?page=1","service":"serialboxd-app","timestamp":"2025-11-17 22:37:26"}
{"ip":"::1","level":"info","message":"GET /cadastro.html","service":"serialboxd-app","timestamp":"2025-11-17 22:37:27"}
{"ip":"::1","level":"info","message":"GET /style.css","service":"serialboxd-app","timestamp":"2025-11-17 22:37:27"}
{"ip":"::1","level":"info","message":"GET /script.js","service":"serialboxd-app","timestamp":"2025-11-17 22:37:27"}
{"ip":"::1","level":"info","message":"GET /api/tmdb/recent","service":"serialboxd-app","timestamp":"2025-11-17 22:37:27"}
{"ip":"::1","level":"info","message":"GET /","service":"serialboxd-app","timestamp":"2025-11-17 22:37:29"}
{"ip":"::1","level":"info","message":"GET /style.css","service":"serialboxd-app","timestamp":"2025-11-17 22:37:29"}
{"ip":"::1","level":"info","message":"GET /script.js","service":"serialboxd-app","timestamp":"2025-11-17 22:37:29"}
{"ip":"::1","level":"info","message":"GET /api/tmdb/recent","service":"serialboxd-app","timestamp":"2025-11-17 22:37:29"}
{"ip":"::1","level":"info","message":"GET /","service":"serialboxd-app","timestamp":"2025-11-17 23:10:06"}
{"ip":"::1","level":"info","message":"GET /style.css","service":"serialboxd-app","timestamp":"2025-11-17 23:10:06"}
{"ip":"::1","level":"info","message":"GET /script.js","service":"serialboxd-app","timestamp":"2025-11-17 23:10:06"}
{"ip":"::1","level":"info","message":"GET /api/tmdb/recent","service":"serialboxd-app","timestamp":"2025-11-17 23:10:06"}
{"level":"info","message":"Pool de conexão com o banco de dados MySQL pronto.","service":"serialboxd-app","timestamp":"2025-11-17 23:18:22"}
{"level":"info","message":"Servidor rodando em http://localhost:3000","service":"serialboxd-app","timestamp":"2025-11-17 23:18:22"}
{"level":"info","message":"Pool de conexão com o banco de dados MySQL pronto.","service":"serialboxd-app","timestamp":"2025-11-17 23:18:22"}
{"level":"info","message":"Servidor rodando em http://localhost:3000","service":"serialboxd-app","timestamp":"2025-11-17 23:18:22"}
{"ip":"::1","level":"info","message":"GET /cadastro.html","service":"serialboxd-app","timestamp":"2025-11-17 23:20:33"}
{"ip":"::1","level":"info","message":"GET /style.css","service":"serialboxd-app","timestamp":"2025-11-17 23:20:33"}
{"ip":"::1","level":"info","message":"GET /script.js","service":"serialboxd-app","timestamp":"2025-11-17 23:20:33"}
{"ip":"::1","level":"info","message":"GET /api/tmdb/recent","service":"serialboxd-app","timestamp":"2025-11-17 23:20:33"}
{"ip":"::1","level":"info","message":"POST /api/register","service":"serialboxd-app","timestamp":"2025-11-17 23:20:57"}
{"level":"info","message":"Novo usuário cadastrado: teste1@teste.com","service":"serialboxd-app","timestamp":"2025-11-17 23:20:57","userId":6}
{"ip":"::1","level":"info","message":"GET /login.html","service":"serialboxd-app","timestamp":"2025-11-17 23:20:58"}
{"ip":"::1","level":"info","message":"GET /style.css","service":"serialboxd-app","timestamp":"2025-11-17 23:20:58"}
{"ip":"::1","level":"info","message":"GET /script.js","service":"serialboxd-app","timestamp":"2025-11-17 23:20:58"}
{"ip":"::1","level":"info","message":"GET /api/tmdb/recent","service":"serialboxd-app","timestamp":"2025-11-17 23:20:58"}
{"ip":"::1","level":"info","message":"POST /login","service":"serialboxd-app","timestamp":"2025-11-17 23:21:11"}
{"level":"info","message":"Login bem-sucedido para o e-mail: teste@teste.com","service":"serialboxd-app","timestamp":"2025-11-17 23:21:11","userId":3}
{"ip":"::1","level":"info","message":"GET /","service":"serialboxd-app","timestamp":"2025-11-17 23:21:11"}
{"ip":"::1","level":"info","message":"GET /style.css","service":"serialboxd-app","timestamp":"2025-11-17 23:21:11"}
{"ip":"::1","level":"info","message":"GET /script.js","service":"serialboxd-app","timestamp":"2025-11-17 23:21:11"}
{"ip":"::1","level":"info","message":"GET /api/tmdb/recent","service":"serialboxd-app","timestamp":"2025-11-17 23:21:11"}
{"ip":"::1","level":"info","message":"POST /api/logout","service":"serialboxd-app","timestamp":"2025-11-17 23:22:09"}
{"level":"info","message":"Sessão revogada (logout) para o usuário","service":"serialboxd-app","timestamp":"2025-11-17 23:22:09","userId":3}
{"ip":"::1","level":"info","message":"GET /login.html","service":"serialboxd-app","timestamp":"2025-11-17 23:22:09"}
{"ip":"::1","level":"info","message":"GET /style.css","service":"serialboxd-app","timestamp":"2025-11-17 23:22:09"}
{"ip":"::1","level":"info","message":"GET /script.js","service":"serialboxd-app","timestamp":"2025-11-17 23:22:09"}
{"ip":"::1","level":"info","message":"GET /api/tmdb/recent","service":"serialboxd-app","timestamp":"2025-11-17 23:22:09"}
{"ip":"::1","level":"info","message":"POST /login","service":"serialboxd-app","timestamp":"2025-11-17 23:22:20"}
{"level":"warn","message":"Tentativa de login falhou para o e-mail: nicholas@gmail.com (usuário não encontrado)","service":"serialboxd-app","timestamp":"2025-11-17 23:22:20"}
{"ip":"::1","level":"info","message":"GET /cadastro.html","service":"serialboxd-app","timestamp":"2025-11-17 23:22:23"}
{"ip":"::1","level":"info","message":"GET /style.css","service":"serialboxd-app","timestamp":"2025-11-17 23:22:23"}
{"ip":"::1","level":"info","message":"GET /script.js","service":"serialboxd-app","timestamp":"2025-11-17 23:22:23"}
{"ip":"::1","level":"info","message":"GET /api/tmdb/recent","service":"serialboxd-app","timestamp":"2025-11-17 23:22:23"}
{"ip":"::1","level":"info","message":"POST /api/register","service":"serialboxd-app","timestamp":"2025-11-17 23:22:36"}
{"level":"info","message":"Novo usuário cadastrado: nicholas@gmail.com","service":"serialboxd-app","timestamp":"2025-11-17 23:22:36","userId":7}
{"ip":"::1","level":"info","message":"GET /login.html","service":"serialboxd-app","timestamp":"2025-11-17 23:22:37"}
{"ip":"::1","level":"info","message":"GET /style.css","service":"serialboxd-app","timestamp":"2025-11-17 23:22:37"}
{"ip":"::1","level":"info","message":"GET /script.js","service":"serialboxd-app","timestamp":"2025-11-17 23:22:37"}
{"ip":"::1","level":"info","message":"GET /api/tmdb/recent","service":"serialboxd-app","timestamp":"2025-11-17 23:22:37"}
{"ip":"::1","level":"info","message":"POST /login","service":"serialboxd-app","timestamp":"2025-11-17 23:22:55"}
{"level":"info","message":"Login bem-sucedido para o e-mail: nicholas@gmail.com","service":"serialboxd-app","timestamp":"2025-11-17 23:22:55","userId":7}
{"ip":"::1","level":"info","message":"GET /","service":"serialboxd-app","timestamp":"2025-11-17 23:22:55"}
{"ip":"::1","level":"info","message":"GET /style.css","service":"serialboxd-app","timestamp":"2025-11-17 23:22:55"}
{"ip":"::1","level":"info","message":"GET /script.js","service":"serialboxd-app","timestamp":"2025-11-17 23:22:55"}
{"ip":"::1","level":"info","message":"GET /api/tmdb/recent","service":"serialboxd-app","timestamp":"2025-11-17 23:22:55"}
{"ip":"::1","level":"info","message":"GET /perfil.html","service":"serialboxd-app","timestamp":"2025-11-17 23:23:07"}
{"ip":"::1","level":"info","message":"GET /style.css","service":"serialboxd-app","timestamp":"2025-11-17 23:23:07"}
{"ip":"::1","level":"info","message":"GET /script.js","service":"serialboxd-app","timestamp":"2025-11-17 23:23:07"}
{"ip":"::1","level":"info","message":"GET /api/tmdb/recent","service":"serialboxd-app","timestamp":"2025-11-17 23:23:07"}
{"ip":"::1","level":"info","message":"POST /api/user/avatar","service":"serialboxd-app","timestamp":"2025-11-17 23:23:13"}
{"avatarUrl":"/uploads/avatars/7-1763432593233-230776643.png","level":"info","message":"Avatar atualizado para o usuário","service":"serialboxd-app","timestamp":"2025-11-17 23:23:13","userId":7}
{"ip":"::1","level":"info","message":"GET /","service":"serialboxd-app","timestamp":"2025-11-17 23:23:15"}
{"ip":"::1","level":"info","message":"GET /style.css","service":"serialboxd-app","timestamp":"2025-11-17 23:23:15"}
{"ip":"::1","level":"info","message":"GET /script.js","service":"serialboxd-app","timestamp":"2025-11-17 23:23:15"}
{"ip":"::1","level":"info","message":"GET /api/tmdb/recent","service":"serialboxd-app","timestamp":"2025-11-17 23:23:15"}
{"ip":"::1","level":"info","message":"GET /uploads/avatars/7-1763432593233-230776643.png","service":"serialboxd-app","timestamp":"2025-11-17 23:23:15"}
{"ip":"::1","level":"info","message":"GET /catalog","service":"serialboxd-app","timestamp":"2025-11-17 23:23:26"}
{"ip":"::1","level":"info","message":"GET /style.css","service":"serialboxd-app","timestamp":"2025-11-17 23:23:26"}
{"ip":"::1","level":"info","message":"GET /js/gtag-stub.js","service":"serialboxd-app","timestamp":"2025-11-17 23:23:26"}
{"ip":"::1","level":"info","message":"GET /catalog.js","service":"serialboxd-app","timestamp":"2025-11-17 23:23:26"}
{"ip":"::1","level":"info","message":"GET /script.js","service":"serialboxd-app","timestamp":"2025-11-17 23:23:26"}
{"ip":"::1","level":"info","message":"GET /api/tmdb/recent","service":"serialboxd-app","timestamp":"2025-11-17 23:23:26"}
{"ip":"::1","level":"info","message":"GET /uploads/avatars/7-1763432593233-230776643.png","service":"serialboxd-app","timestamp":"2025-11-17 23:23:26"}
{"ip":"::1","level":"info","message":"GET /api/tmdb/discover?page=1","service":"serialboxd-app","timestamp":"2025-11-17 23:23:26"}
{"ip":"::1","level":"info","message":"GET /serie.html?id=66732","service":"serialboxd-app","timestamp":"2025-11-17 23:23:27"}
{"ip":"::1","level":"info","message":"GET /style.css","service":"serialboxd-app","timestamp":"2025-11-17 23:23:27"}
{"ip":"::1","level":"info","message":"GET /serie.js","service":"serialboxd-app","timestamp":"2025-11-17 23:23:27"}
{"ip":"::1","level":"info","message":"GET /api/tmdb/tv/66732","service":"serialboxd-app","timestamp":"2025-11-17 23:23:27"}
{"ip":"::1","level":"info","message":"GET /catalog","service":"serialboxd-app","timestamp":"2025-11-17 23:23:32"}
{"ip":"::1","level":"info","message":"GET /style.css","service":"serialboxd-app","timestamp":"2025-11-17 23:23:32"}
{"ip":"::1","level":"info","message":"GET /js/gtag-stub.js","service":"serialboxd-app","timestamp":"2025-11-17 23:23:32"}
{"ip":"::1","level":"info","message":"GET /script.js","service":"serialboxd-app","timestamp":"2025-11-17 23:23:32"}
{"ip":"::1","level":"info","message":"GET /catalog.js","service":"serialboxd-app","timestamp":"2025-11-17 23:23:32"}
{"ip":"::1","level":"info","message":"GET /api/tmdb/recent","service":"serialboxd-app","timestamp":"2025-11-17 23:23:32"}
{"ip":"::1","level":"info","message":"GET /uploads/avatars/7-1763432593233-230776643.png","service":"serialboxd-app","timestamp":"2025-11-17 23:23:32"}
{"ip":"::1","level":"info","message":"GET /api/tmdb/discover?page=1","service":"serialboxd-app","timestamp":"2025-11-17 23:23:32"}
{"ip":"::1","level":"info","message":"GET /catalog","service":"serialboxd-app","timestamp":"2025-11-17 23:23:36"}
{"ip":"::1","level":"info","message":"GET /style.css","service":"serialboxd-app","timestamp":"2025-11-17 23:23:36"}
{"ip":"::1","level":"info","message":"GET /js/gtag-stub.js","service":"serialboxd-app","timestamp":"2025-11-17 23:23:36"}
{"ip":"::1","level":"info","message":"GET /script.js","service":"serialboxd-app","timestamp":"2025-11-17 23:23:36"}
{"ip":"::1","level":"info","message":"GET /catalog.js","service":"serialboxd-app","timestamp":"2025-11-17 23:23:36"}
{"ip":"::1","level":"info","message":"GET /api/tmdb/recent","service":"serialboxd-app","timestamp":"2025-11-17 23:23:36"}
{"ip":"::1","level":"info","message":"GET /uploads/avatars/7-1763432593233-230776643.png","service":"serialboxd-app","timestamp":"2025-11-17 23:23:36"}
{"ip":"::1","level":"info","message":"GET /api/tmdb/discover?page=1","service":"serialboxd-app","timestamp":"2025-11-17 23:23:36"}
{"ip":"::1","level":"info","message":"GET /perfil.html","service":"serialboxd-app","timestamp":"2025-11-17 23:23:37"}
{"ip":"::1","level":"info","message":"GET /style.css","service":"serialboxd-app","timestamp":"2025-11-17 23:23:37"}
{"ip":"::1","level":"info","message":"GET /script.js","service":"serialboxd-app","timestamp":"2025-11-17 23:23:37"}
{"ip":"::1","level":"info","message":"GET /api/tmdb/recent","service":"serialboxd-app","timestamp":"2025-11-17 23:23:37"}
{"ip":"::1","level":"info","message":"GET /uploads/avatars/7-1763432593233-230776643.png","service":"serialboxd-app","timestamp":"2025-11-17 23:23:37"}
{"ip":"::1","level":"info","message":"GET /","service":"serialboxd-app","timestamp":"2025-11-17 23:23:39"}
{"ip":"::1","level":"info","message":"GET /style.css","service":"serialboxd-app","timestamp":"2025-11-17 23:23:39"}
{"ip":"::1","level":"info","message":"GET /script.js","service":"serialboxd-app","timestamp":"2025-11-17 23:23:39"}
{"ip":"::1","level":"info","message":"GET /api/tmdb/recent","service":"serialboxd-app","timestamp":"2025-11-17 23:23:39"}
{"ip":"::1","level":"info","message":"GET /uploads/avatars/7-1763432593233-230776643.png","service":"serialboxd-app","timestamp":"2025-11-17 23:23:39"}
{"ip":"::1","level":"info","message":"POST /api/logout","service":"serialboxd-app","timestamp":"2025-11-17 23:23:44"}
{"level":"info","message":"Sessão revogada (logout) para o usuário","service":"serialboxd-app","timestamp":"2025-11-17 23:23:45","userId":7}
{"ip":"::1","level":"info","message":"GET /login.html","service":"serialboxd-app","timestamp":"2025-11-17 23:23:45"}
{"ip":"::1","level":"info","message":"GET /style.css","service":"serialboxd-app","timestamp":"2025-11-17 23:23:45"}
{"ip":"::1","level":"info","message":"GET /script.js","service":"serialboxd-app","timestamp":"2025-11-17 23:23:45"}
{"ip":"::1","level":"info","message":"GET /api/tmdb/recent","service":"serialboxd-app","timestamp":"2025-11-17 23:23:45"}
{"ip":"::1","level":"info","message":"GET /forgot-password","service":"serialboxd-app","timestamp":"2025-11-17 23:23:46"}
{"ip":"::1","level":"info","message":"GET /script.js","service":"serialboxd-app","timestamp":"2025-11-17 23:23:46"}
{"ip":"::1","level":"info","message":"GET /api/tmdb/recent","service":"serialboxd-app","timestamp":"2025-11-17 23:23:46"}
{"ip":"::1","level":"info","message":"GET /cadastro.html","service":"serialboxd-app","timestamp":"2025-11-17 23:24:05"}
{"ip":"::1","level":"info","message":"GET /style.css","service":"serialboxd-app","timestamp":"2025-11-17 23:24:05"}
{"ip":"::1","level":"info","message":"GET /script.js","service":"serialboxd-app","timestamp":"2025-11-17 23:24:05"}
{"ip":"::1","level":"info","message":"GET /api/tmdb/recent","service":"serialboxd-app","timestamp":"2025-11-17 23:24:05"}
{"ip":"::1","level":"info","message":"POST /api/register","service":"serialboxd-app","timestamp":"2025-11-17 23:24:17"}
{"ip":"::1","level":"info","message":"POST /api/register","service":"serialboxd-app","timestamp":"2025-11-17 23:24:20"}
{"ip":"::1","level":"info","message":"GET /login.html","service":"serialboxd-app","timestamp":"2025-11-17 23:24:32"}
{"ip":"::1","level":"info","message":"GET /style.css","service":"serialboxd-app","timestamp":"2025-11-17 23:24:32"}
{"ip":"::1","level":"info","message":"GET /script.js","service":"serialboxd-app","timestamp":"2025-11-17 23:24:32"}
{"ip":"::1","level":"info","message":"GET /api/tmdb/recent","service":"serialboxd-app","timestamp":"2025-11-17 23:24:32"}
{"ip":"::1","level":"info","message":"GET /forgot-password","service":"serialboxd-app","timestamp":"2025-11-17 23:24:33"}
{"ip":"::1","level":"info","message":"GET /script.js","service":"serialboxd-app","timestamp":"2025-11-17 23:24:33"}
{"ip":"::1","level":"info","message":"GET /api/tmdb/recent","service":"serialboxd-app","timestamp":"2025-11-17 23:24:33"}
{"ip":"::1","level":"info","message":"POST /forgot-password","service":"serialboxd-app","timestamp":"2025-11-17 23:24:36"}
{"level":"info","message":"E-mail de redefinição de senha enviado para: lohite7993@gyknife.com","service":"serialboxd-app","timestamp":"2025-11-17 23:24:40","userId":1}
{"ip":"::1","level":"info","message":"GET /reset-password.html?token=a8005d325e53a3c7620c63719de1913f53ea25f9","service":"serialboxd-app","timestamp":"2025-11-17 23:24:58"}
{"ip":"::1","level":"info","message":"GET /script.js","service":"serialboxd-app","timestamp":"2025-11-17 23:24:58"}
{"ip":"::1","level":"info","message":"GET /api/tmdb/recent","service":"serialboxd-app","timestamp":"2025-11-17 23:24:58"}
{"ip":"::1","level":"info","message":"POST /reset-password","service":"serialboxd-app","timestamp":"2025-11-17 23:25:08"}
{"level":"info","message":"Senha redefinida com sucesso via token para o usuário","service":"serialboxd-app","timestamp":"2025-11-17 23:25:08","userId":1}
{"ip":"::1","level":"info","message":"GET /login.html","service":"serialboxd-app","timestamp":"2025-11-17 23:25:15"}
{"ip":"::1","level":"info","message":"GET /style.css","service":"serialboxd-app","timestamp":"2025-11-17 23:25:15"}
{"ip":"::1","level":"info","message":"GET /script.js","service":"serialboxd-app","timestamp":"2025-11-17 23:25:15"}
{"ip":"::1","level":"info","message":"GET /api/tmdb/recent","service":"serialboxd-app","timestamp":"2025-11-17 23:25:15"}
{"ip":"::1","level":"info","message":"POST /login","service":"serialboxd-app","timestamp":"2025-11-17 23:25:23"}
{"level":"info","message":"Login bem-sucedido para o e-mail: lohite7993@gyknife.com","service":"serialboxd-app","timestamp":"2025-11-17 23:25:23","userId":1}
{"ip":"::1","level":"info","message":"GET /","service":"serialboxd-app","timestamp":"2025-11-17 23:25:23"}
{"ip":"::1","level":"info","message":"GET /style.css","service":"serialboxd-app","timestamp":"2025-11-17 23:25:23"}
{"ip":"::1","level":"info","message":"GET /script.js","service":"serialboxd-app","timestamp":"2025-11-17 23:25:23"}
{"ip":"::1","level":"info","message":"GET /api/tmdb/recent","service":"serialboxd-app","timestamp":"2025-11-17 23:25:23"}
{"ip":"::1","level":"info","message":"GET /perfil.html","service":"serialboxd-app","timestamp":"2025-11-17 23:25:25"}
{"ip":"::1","level":"info","message":"GET /style.css","service":"serialboxd-app","timestamp":"2025-11-17 23:25:25"}
{"ip":"::1","level":"info","message":"GET /script.js","service":"serialboxd-app","timestamp":"2025-11-17 23:25:25"}
{"ip":"::1","level":"info","message":"GET /api/tmdb/recent","service":"serialboxd-app","timestamp":"2025-11-17 23:25:25"}
{"ip":"::1","level":"info","message":"POST /api/user/avatar","service":"serialboxd-app","timestamp":"2025-11-17 23:25:33"}
{"avatarUrl":"/uploads/avatars/1-1763432733990-278099573.jpg","level":"info","message":"Avatar atualizado para o usuário","service":"serialboxd-app","timestamp":"2025-11-17 23:25:34","userId":1}
{"ip":"::1","level":"info","message":"GET /","service":"serialboxd-app","timestamp":"2025-11-17 23:25:35"}
{"ip":"::1","level":"info","message":"GET /style.css","service":"serialboxd-app","timestamp":"2025-11-17 23:25:35"}
{"ip":"::1","level":"info","message":"GET /script.js","service":"serialboxd-app","timestamp":"2025-11-17 23:25:35"}
{"ip":"::1","level":"info","message":"GET /api/tmdb/recent","service":"serialboxd-app","timestamp":"2025-11-17 23:25:35"}
{"ip":"::1","level":"info","message":"GET /uploads/avatars/1-1763432733990-278099573.jpg","service":"serialboxd-app","timestamp":"2025-11-17 23:25:35"}
{"ip":"::1","level":"info","message":"POST /api/logout","service":"serialboxd-app","timestamp":"2025-11-17 23:25:40"}
{"level":"info","message":"Sessão revogada (logout) para o usuário","service":"serialboxd-app","timestamp":"2025-11-17 23:25:40","userId":1}
{"ip":"::1","level":"info","message":"GET /login.html","service":"serialboxd-app","timestamp":"2025-11-17 23:25:40"}
{"ip":"::1","level":"info","message":"GET /style.css","service":"serialboxd-app","timestamp":"2025-11-17 23:25:40"}
{"ip":"::1","level":"info","message":"GET /script.js","service":"serialboxd-app","timestamp":"2025-11-17 23:25:40"}
{"ip":"::1","level":"info","message":"GET /api/tmdb/recent","service":"serialboxd-app","timestamp":"2025-11-17 23:25:40"}
{"ip":"::1","level":"info","message":"POST /login","service":"serialboxd-app","timestamp":"2025-11-17 23:25:58"}
{"level":"info","message":"Login bem-sucedido para o e-mail: lohite7993@gyknife.com","service":"serialboxd-app","timestamp":"2025-11-17 23:25:58","userId":1}
{"ip":"::1","level":"info","message":"GET /","service":"serialboxd-app","timestamp":"2025-11-17 23:25:58"}
{"ip":"::1","level":"info","message":"GET /style.css","service":"serialboxd-app","timestamp":"2025-11-17 23:25:58"}
{"ip":"::1","level":"info","message":"GET /script.js","service":"serialboxd-app","timestamp":"2025-11-17 23:25:58"}
{"ip":"::1","level":"info","message":"GET /api/tmdb/recent","service":"serialboxd-app","timestamp":"2025-11-17 23:25:58"}
{"ip":"::1","level":"info","message":"GET /uploads/avatars/1-1763432733990-278099573.jpg","service":"serialboxd-app","timestamp":"2025-11-17 23:25:58"}
{"ip":"::1","level":"info","message":"GET /perfil.html","service":"serialboxd-app","timestamp":"2025-11-17 23:25:59"}
{"ip":"::1","level":"info","message":"GET /style.css","service":"serialboxd-app","timestamp":"2025-11-17 23:26:00"}
{"ip":"::1","level":"info","message":"GET /script.js","service":"serialboxd-app","timestamp":"2025-11-17 23:26:00"}
{"ip":"::1","level":"info","message":"GET /api/tmdb/recent","service":"serialboxd-app","timestamp":"2025-11-17 23:26:00"}
{"ip":"::1","level":"info","message":"GET /uploads/avatars/1-1763432733990-278099573.jpg","service":"serialboxd-app","timestamp":"2025-11-17 23:26:00"}
{"ip":"::1","level":"info","message":"GET /change-password.html","service":"serialboxd-app","timestamp":"2025-11-17 23:26:00"}
{"ip":"::1","level":"info","message":"GET /style.css","service":"serialboxd-app","timestamp":"2025-11-17 23:26:01"}
{"ip":"::1","level":"info","message":"GET /script.js","service":"serialboxd-app","timestamp":"2025-11-17 23:26:01"}
{"ip":"::1","level":"info","message":"GET /api/tmdb/recent","service":"serialboxd-app","timestamp":"2025-11-17 23:26:01"}
{"ip":"::1","level":"info","message":"POST /api/user/change-password","service":"serialboxd-app","timestamp":"2025-11-17 23:26:20"}
{"level":"info","message":"Senha alterada com sucesso para o usuário","service":"serialboxd-app","timestamp":"2025-11-17 23:26:20","userId":1}
{"ip":"::1","level":"info","message":"GET /perfil.html","service":"serialboxd-app","timestamp":"2025-11-17 23:26:21"}
{"ip":"::1","level":"info","message":"GET /style.css","service":"serialboxd-app","timestamp":"2025-11-17 23:26:21"}
{"ip":"::1","level":"info","message":"GET /script.js","service":"serialboxd-app","timestamp":"2025-11-17 23:26:21"}
{"ip":"::1","level":"info","message":"GET /api/tmdb/recent","service":"serialboxd-app","timestamp":"2025-11-17 23:26:21"}
{"ip":"::1","level":"info","message":"GET /uploads/avatars/1-1763432733990-278099573.jpg","service":"serialboxd-app","timestamp":"2025-11-17 23:26:21"}
{"ip":"::1","level":"info","message":"GET /","service":"serialboxd-app","timestamp":"2025-11-17 23:26:24"}
{"ip":"::1","level":"info","message":"GET /style.css","service":"serialboxd-app","timestamp":"2025-11-17 23:26:24"}
{"ip":"::1","level":"info","message":"GET /script.js","service":"serialboxd-app","timestamp":"2025-11-17 23:26:24"}
{"ip":"::1","level":"info","message":"GET /api/tmdb/recent","service":"serialboxd-app","timestamp":"2025-11-17 23:26:24"}
{"ip":"::1","level":"info","message":"GET /uploads/avatars/1-1763432733990-278099573.jpg","service":"serialboxd-app","timestamp":"2025-11-17 23:26:24"}
{"ip":"::1","level":"info","message":"POST /api/logout","service":"serialboxd-app","timestamp":"2025-11-17 23:26:25"}
{"level":"info","message":"Sessão revogada (logout) para o usuário","service":"serialboxd-app","timestamp":"2025-11-17 23:26:25","userId":1}
{"ip":"::1","level":"info","message":"GET /login.html","service":"serialboxd-app","timestamp":"2025-11-17 23:26:25"}
{"ip":"::1","level":"info","message":"GET /style.css","service":"serialboxd-app","timestamp":"2025-11-17 23:26:25"}
{"ip":"::1","level":"info","message":"GET /script.js","service":"serialboxd-app","timestamp":"2025-11-17 23:26:25"}
{"ip":"::1","level":"info","message":"GET /api/tmdb/recent","service":"serialboxd-app","timestamp":"2025-11-17 23:26:25"}
{"ip":"::1","level":"info","message":"POST /login","service":"serialboxd-app","timestamp":"2025-11-17 23:26:37"}
{"level":"warn","message":"Tentativa de login falhou para o e-mail: lohite7993@gyknife.com (senha incorreta)","service":"serialboxd-app","timestamp":"2025-11-17 23:26:37","userId":1}
{"ip":"::1","level":"info","message":"POST /login","service":"serialboxd-app","timestamp":"2025-11-17 23:26:41"}
{"level":"info","message":"Login bem-sucedido para o e-mail: lohite7993@gyknife.com","service":"serialboxd-app","timestamp":"2025-11-17 23:26:41","userId":1}
{"ip":"::1","level":"info","message":"GET /","service":"serialboxd-app","timestamp":"2025-11-17 23:26:41"}
{"ip":"::1","level":"info","message":"GET /style.css","service":"serialboxd-app","timestamp":"2025-11-17 23:26:41"}
{"ip":"::1","level":"info","message":"GET /script.js","service":"serialboxd-app","timestamp":"2025-11-17 23:26:41"}
{"ip":"::1","level":"info","message":"GET /api/tmdb/recent","service":"serialboxd-app","timestamp":"2025-11-17 23:26:41"}
{"ip":"::1","level":"info","message":"GET /uploads/avatars/1-1763432733990-278099573.jpg","service":"serialboxd-app","timestamp":"2025-11-17 23:26:41"}
{"ip":"::1","level":"info","message":"POST /api/logout","service":"serialboxd-app","timestamp":"2025-11-17 23:27:12"}
{"level":"info","message":"Sessão revogada (logout) para o usuário","service":"serialboxd-app","timestamp":"2025-11-17 23:27:12","userId":1}
{"ip":"::1","level":"info","message":"GET /login.html","service":"serialboxd-app","timestamp":"2025-11-17 23:27:12"}
{"ip":"::1","level":"info","message":"GET /style.css","service":"serialboxd-app","timestamp":"2025-11-17 23:27:12"}
{"ip":"::1","level":"info","message":"GET /script.js","service":"serialboxd-app","timestamp":"2025-11-17 23:27:12"}
{"ip":"::1","level":"info","message":"GET /api/tmdb/recent","service":"serialboxd-app","timestamp":"2025-11-17 23:27:12"}
{"level":"info","message":"Pool de conexão com o banco de dados MySQL pronto.","service":"serialboxd-app","timestamp":"2025-11-17 23:29:06"}
{"level":"info","message":"Servidor rodando em http://localhost:3000","service":"serialboxd-app","timestamp":"2025-11-17 23:29:06"}
{"ip":"::1","level":"info","message":"GET /cadastro.html","service":"serialboxd-app","timestamp":"2025-11-17 23:29:24"}
{"ip":"::1","level":"info","message":"GET /style.css","service":"serialboxd-app","timestamp":"2025-11-17 23:29:24"}
{"ip":"::1","level":"info","message":"GET /script.js","service":"serialboxd-app","timestamp":"2025-11-17 23:29:24"}
{"ip":"::1","level":"info","message":"GET /api/tmdb/recent","service":"serialboxd-app","timestamp":"2025-11-17 23:29:24"}
{"level":"info","message":"Pool de conexão com o banco de dados MySQL pronto.","service":"serialboxd-app","timestamp":"2025-11-17 23:30:58"}
{"level":"info","message":"Servidor rodando em http://localhost:3000","service":"serialboxd-app","timestamp":"2025-11-17 23:30:58"}
{"ip":"::1","level":"info","message":"GET /login.html","service":"serialboxd-app","timestamp":"2025-11-17 23:31:02"}
{"ip":"::1","level":"info","message":"GET /style.css","service":"serialboxd-app","timestamp":"2025-11-17 23:31:03"}
{"ip":"::1","level":"info","message":"GET /script.js","service":"serialboxd-app","timestamp":"2025-11-17 23:31:03"}
{"ip":"::1","level":"info","message":"GET /api/tmdb/recent","service":"serialboxd-app","timestamp":"2025-11-17 23:31:03"}
{"ip":"::1","level":"info","message":"GET /login.html","service":"serialboxd-app","timestamp":"2025-11-17 23:31:08"}
{"ip":"::1","level":"info","message":"GET /style.css","service":"serialboxd-app","timestamp":"2025-11-17 23:31:08"}
{"ip":"::1","level":"info","message":"GET /script.js","service":"serialboxd-app","timestamp":"2025-11-17 23:31:08"}
{"ip":"::1","level":"info","message":"GET /api/tmdb/recent","service":"serialboxd-app","timestamp":"2025-11-17 23:31:08"}
{"ip":"::1","level":"info","message":"GET /forgot-password","service":"serialboxd-app","timestamp":"2025-11-17 23:31:17"}
{"ip":"::1","level":"info","message":"GET /script.js","service":"serialboxd-app","timestamp":"2025-11-17 23:31:17"}
{"ip":"::1","level":"info","message":"GET /api/tmdb/recent","service":"serialboxd-app","timestamp":"2025-11-17 23:31:17"}
{"ip":"::1","level":"info","message":"GET /catalog","service":"serialboxd-app","timestamp":"2025-11-17 23:35:38"}
{"ip":"::1","level":"info","message":"GET /style.css","service":"serialboxd-app","timestamp":"2025-11-17 23:35:38"}
{"ip":"::1","level":"info","message":"GET /js/gtag-stub.js","service":"serialboxd-app","timestamp":"2025-11-17 23:35:38"}
{"ip":"::1","level":"info","message":"GET /script.js","service":"serialboxd-app","timestamp":"2025-11-17 23:35:38"}
{"ip":"::1","level":"info","message":"GET /catalog.js","service":"serialboxd-app","timestamp":"2025-11-17 23:35:38"}
{"ip":"::1","level":"info","message":"GET /api/tmdb/recent","service":"serialboxd-app","timestamp":"2025-11-17 23:35:38"}
{"ip":"::1","level":"info","message":"GET /api/tmdb/discover?page=1","service":"serialboxd-app","timestamp":"2025-11-17 23:35:38"}
{"ip":"::1","level":"info","message":"GET /serie.html?id=66732","service":"serialboxd-app","timestamp":"2025-11-17 23:35:39"}
{"ip":"::1","level":"info","message":"GET /style.css","service":"serialboxd-app","timestamp":"2025-11-17 23:35:39"}
{"ip":"::1","level":"info","message":"GET /serie.js","service":"serialboxd-app","timestamp":"2025-11-17 23:35:39"}
{"ip":"::1","level":"info","message":"GET /api/tmdb/tv/66732","service":"serialboxd-app","timestamp":"2025-11-17 23:35:39"}
{"ip":"::1","level":"info","message":"GET /","service":"serialboxd-app","timestamp":"2025-11-17 23:36:02"}
{"ip":"::1","level":"info","message":"GET /style.css","service":"serialboxd-app","timestamp":"2025-11-17 23:36:03"}
{"ip":"::1","level":"info","message":"GET /script.js","service":"serialboxd-app","timestamp":"2025-11-17 23:36:03"}
{"ip":"::1","level":"info","message":"GET /api/tmdb/recent","service":"serialboxd-app","timestamp":"2025-11-17 23:36:03"}
{"level":"info","message":"Pool de conexão com o banco de dados MySQL pronto.","service":"serialboxd-app","timestamp":"2025-11-17 23:37:06"}
{"level":"info","message":"Servidor rodando em http://localhost:3000","service":"serialboxd-app","timestamp":"2025-11-17 23:37:06"}
{"ip":"::1","level":"info","message":"GET /","service":"serialboxd-app","timestamp":"2025-11-17 23:37:08"}
{"ip":"::1","level":"info","message":"GET /style.css","service":"serialboxd-app","timestamp":"2025-11-17 23:37:08"}
{"ip":"::1","level":"info","message":"GET /script.js","service":"serialboxd-app","timestamp":"2025-11-17 23:37:08"}
{"ip":"::1","level":"info","message":"GET /api/tmdb/recent","service":"serialboxd-app","timestamp":"2025-11-17 23:37:08"}
{"ip":"::1","level":"info","message":"GET /cadastro.html","service":"serialboxd-app","timestamp":"2025-11-17 23:41:16"}
{"ip":"::1","level":"info","message":"GET /style.css","service":"serialboxd-app","timestamp":"2025-11-17 23:41:17"}
{"ip":"::1","level":"info","message":"GET /script.js","service":"serialboxd-app","timestamp":"2025-11-17 23:41:17"}
{"ip":"::1","level":"info","message":"GET /api/tmdb/recent","service":"serialboxd-app","timestamp":"2025-11-17 23:41:17"}
{"ip":"::1","level":"info","message":"POST /api/register","service":"serialboxd-app","timestamp":"2025-11-17 23:41:33"}
{"level":"info","message":"Novo usuário cadastrado: teste@teste.com","service":"serialboxd-app","timestamp":"2025-11-17 23:41:33","userId":1}
{"ip":"::1","level":"info","message":"GET /login.html","service":"serialboxd-app","timestamp":"2025-11-17 23:41:35"}
{"ip":"::1","level":"info","message":"GET /style.css","service":"serialboxd-app","timestamp":"2025-11-17 23:41:35"}
{"ip":"::1","level":"info","message":"GET /script.js","service":"serialboxd-app","timestamp":"2025-11-17 23:41:35"}
{"ip":"::1","level":"info","message":"GET /api/tmdb/recent","service":"serialboxd-app","timestamp":"2025-11-17 23:41:35"}
{"ip":"::1","level":"info","message":"POST /login","service":"serialboxd-app","timestamp":"2025-11-17 23:41:57"}
{"level":"info","message":"Login bem-sucedido para o e-mail: teste@teste.com","service":"serialboxd-app","timestamp":"2025-11-17 23:41:57","userId":1}
{"ip":"::1","level":"info","message":"GET /","service":"serialboxd-app","timestamp":"2025-11-17 23:41:57"}
{"ip":"::1","level":"info","message":"GET /style.css","service":"serialboxd-app","timestamp":"2025-11-17 23:41:57"}
{"ip":"::1","level":"info","message":"GET /script.js","service":"serialboxd-app","timestamp":"2025-11-17 23:41:57"}
{"ip":"::1","level":"info","message":"GET /api/tmdb/recent","service":"serialboxd-app","timestamp":"2025-11-17 23:41:57"}
{"ip":"::1","level":"info","message":"GET /perfil.html","service":"serialboxd-app","timestamp":"2025-11-17 23:43:41"}
{"ip":"::1","level":"info","message":"GET /style.css","service":"serialboxd-app","timestamp":"2025-11-17 23:43:41"}
{"ip":"::1","level":"info","message":"GET /script.js","service":"serialboxd-app","timestamp":"2025-11-17 23:43:41"}
{"ip":"::1","level":"info","message":"GET /api/tmdb/recent","service":"serialboxd-app","timestamp":"2025-11-17 23:43:41"}
{"ip":"::1","level":"info","message":"GET /change-password.html","service":"serialboxd-app","timestamp":"2025-11-17 23:43:43"}
{"ip":"::1","level":"info","message":"GET /style.css","service":"serialboxd-app","timestamp":"2025-11-17 23:43:43"}
{"ip":"::1","level":"info","message":"GET /script.js","service":"serialboxd-app","timestamp":"2025-11-17 23:43:43"}
{"ip":"::1","level":"info","message":"GET /api/tmdb/recent","service":"serialboxd-app","timestamp":"2025-11-17 23:43:43"}
{"ip":"::1","level":"info","message":"POST /api/user/change-password","service":"serialboxd-app","timestamp":"2025-11-17 23:44:00"}
{"ip":"::1","level":"info","message":"POST /api/auth/refresh","service":"serialboxd-app","timestamp":"2025-11-17 23:44:00"}
{"ip":"::1","level":"info","message":"POST /api/user/change-password","service":"serialboxd-app","timestamp":"2025-11-17 23:44:01"}
{"ip":"::1","level":"info","message":"POST /api/user/change-password","service":"serialboxd-app","timestamp":"2025-11-17 23:44:07"}
{"level":"info","message":"Senha alterada com sucesso para o usuário","service":"serialboxd-app","timestamp":"2025-11-17 23:44:07","userId":1}
{"ip":"::1","level":"info","message":"GET /perfil.html","service":"serialboxd-app","timestamp":"2025-11-17 23:44:10"}
{"ip":"::1","level":"info","message":"GET /style.css","service":"serialboxd-app","timestamp":"2025-11-17 23:44:10"}
{"ip":"::1","level":"info","message":"GET /script.js","service":"serialboxd-app","timestamp":"2025-11-17 23:44:10"}
{"ip":"::1","level":"info","message":"GET /api/tmdb/recent","service":"serialboxd-app","timestamp":"2025-11-17 23:44:10"}
{"ip":"::1","level":"info","message":"GET /","service":"serialboxd-app","timestamp":"2025-11-17 23:44:13"}
{"ip":"::1","level":"info","message":"GET /style.css","service":"serialboxd-app","timestamp":"2025-11-17 23:44:13"}
{"ip":"::1","level":"info","message":"GET /script.js","service":"serialboxd-app","timestamp":"2025-11-17 23:44:13"}
{"ip":"::1","level":"info","message":"GET /api/tmdb/recent","service":"serialboxd-app","timestamp":"2025-11-17 23:44:13"}
{"ip":"::1","level":"info","message":"POST /api/logout","service":"serialboxd-app","timestamp":"2025-11-17 23:44:16"}
{"level":"info","message":"Sessão revogada (logout) para o usuário","service":"serialboxd-app","timestamp":"2025-11-17 23:44:16","userId":1}
{"ip":"::1","level":"info","message":"GET /login.html","service":"serialboxd-app","timestamp":"2025-11-17 23:44:16"}
{"ip":"::1","level":"info","message":"GET /style.css","service":"serialboxd-app","timestamp":"2025-11-17 23:44:16"}
{"ip":"::1","level":"info","message":"GET /script.js","service":"serialboxd-app","timestamp":"2025-11-17 23:44:16"}
{"ip":"::1","level":"info","message":"GET /api/tmdb/recent","service":"serialboxd-app","timestamp":"2025-11-17 23:44:16"}
{"ip":"::1","level":"info","message":"POST /login","service":"serialboxd-app","timestamp":"2025-11-17 23:44:30"}
{"level":"info","message":"Login bem-sucedido para o e-mail: teste@teste.com","service":"serialboxd-app","timestamp":"2025-11-17 23:44:30","userId":1}
{"ip":"::1","level":"info","message":"GET /","service":"serialboxd-app","timestamp":"2025-11-17 23:44:30"}
{"ip":"::1","level":"info","message":"GET /style.css","service":"serialboxd-app","timestamp":"2025-11-17 23:44:30"}
{"ip":"::1","level":"info","message":"GET /script.js","service":"serialboxd-app","timestamp":"2025-11-17 23:44:30"}
{"ip":"::1","level":"info","message":"GET /api/tmdb/recent","service":"serialboxd-app","timestamp":"2025-11-17 23:44:30"}
{"ip":"::1","level":"info","message":"POST /api/logout","service":"serialboxd-app","timestamp":"2025-11-17 23:44:39"}
{"level":"info","message":"Sessão revogada (logout) para o usuário","service":"serialboxd-app","timestamp":"2025-11-17 23:44:40","userId":1}
{"ip":"::1","level":"info","message":"GET /login.html","service":"serialboxd-app","timestamp":"2025-11-17 23:44:40"}
{"ip":"::1","level":"info","message":"GET /style.css","service":"serialboxd-app","timestamp":"2025-11-17 23:44:40"}
{"ip":"::1","level":"info","message":"GET /script.js","service":"serialboxd-app","timestamp":"2025-11-17 23:44:40"}
{"ip":"::1","level":"info","message":"GET /api/tmdb/recent","service":"serialboxd-app","timestamp":"2025-11-17 23:44:40"}
{"ip":"::1","level":"info","message":"GET /cadastro.html","service":"serialboxd-app","timestamp":"2025-11-17 23:44:41"}
{"ip":"::1","level":"info","message":"GET /style.css","service":"serialboxd-app","timestamp":"2025-11-17 23:44:41"}
{"ip":"::1","level":"info","message":"GET /script.js","service":"serialboxd-app","timestamp":"2025-11-17 23:44:41"}
{"ip":"::1","level":"info","message":"GET /api/tmdb/recent","service":"serialboxd-app","timestamp":"2025-11-17 23:44:41"}
{"ip":"::1","level":"info","message":"POST /api/register","service":"serialboxd-app","timestamp":"2025-11-17 23:44:57"}
{"level":"info","message":"Novo usuário cadastrado: lohite7993@gyknife.com","service":"serialboxd-app","timestamp":"2025-11-17 23:44:57","userId":2}
{"ip":"::1","level":"info","message":"GET /login.html","service":"serialboxd-app","timestamp":"2025-11-17 23:44:58"}
{"ip":"::1","level":"info","message":"GET /style.css","service":"serialboxd-app","timestamp":"2025-11-17 23:44:58"}
{"ip":"::1","level":"info","message":"GET /script.js","service":"serialboxd-app","timestamp":"2025-11-17 23:44:58"}
{"ip":"::1","level":"info","message":"GET /api/tmdb/recent","service":"serialboxd-app","timestamp":"2025-11-17 23:44:58"}
{"ip":"::1","level":"info","message":"GET /forgot-password","service":"serialboxd-app","timestamp":"2025-11-17 23:45:03"}
{"ip":"::1","level":"info","message":"GET /script.js","service":"serialboxd-app","timestamp":"2025-11-17 23:45:04"}
{"ip":"::1","level":"info","message":"GET /api/tmdb/recent","service":"serialboxd-app","timestamp":"2025-11-17 23:45:04"}
{"ip":"::1","level":"info","message":"POST /forgot-password","service":"serialboxd-app","timestamp":"2025-11-17 23:45:07"}
{"level":"info","message":"E-mail de redefinição de senha enviado para: lohite7993@gyknife.com","service":"serialboxd-app","timestamp":"2025-11-17 23:45:11","userId":2}
{"ip":"::1","level":"info","message":"GET /reset-password.html?token=f90992ca94a55f859df68b9bec8ea521a0ab8b1e","service":"serialboxd-app","timestamp":"2025-11-17 23:45:44"}
{"ip":"::1","level":"info","message":"GET /script.js","service":"serialboxd-app","timestamp":"2025-11-17 23:45:45"}
{"ip":"::1","level":"info","message":"GET /api/tmdb/recent","service":"serialboxd-app","timestamp":"2025-11-17 23:45:45"}
{"ip":"::1","level":"info","message":"POST /reset-password","service":"serialboxd-app","timestamp":"2025-11-17 23:46:01"}
{"level":"info","message":"Senha redefinida com sucesso via token para o usuário","service":"serialboxd-app","timestamp":"2025-11-17 23:46:01","userId":2}
{"ip":"::1","level":"info","message":"GET /login.html","service":"serialboxd-app","timestamp":"2025-11-17 23:46:05"}
{"ip":"::1","level":"info","message":"GET /style.css","service":"serialboxd-app","timestamp":"2025-11-17 23:46:05"}
{"ip":"::1","level":"info","message":"GET /script.js","service":"serialboxd-app","timestamp":"2025-11-17 23:46:05"}
{"ip":"::1","level":"info","message":"GET /api/tmdb/recent","service":"serialboxd-app","timestamp":"2025-11-17 23:46:05"}
{"ip":"::1","level":"info","message":"POST /login","service":"serialboxd-app","timestamp":"2025-11-17 23:46:36"}
{"level":"info","message":"Login bem-sucedido para o e-mail: lohite7993@gyknife.com","service":"serialboxd-app","timestamp":"2025-11-17 23:46:36","userId":2}
{"ip":"::1","level":"info","message":"GET /","service":"serialboxd-app","timestamp":"2025-11-17 23:46:36"}
{"ip":"::1","level":"info","message":"GET /style.css","service":"serialboxd-app","timestamp":"2025-11-17 23:46:36"}
{"ip":"::1","level":"info","message":"GET /script.js","service":"serialboxd-app","timestamp":"2025-11-17 23:46:36"}
{"ip":"::1","level":"info","message":"GET /api/tmdb/recent","service":"serialboxd-app","timestamp":"2025-11-17 23:46:36"}
{"ip":"::1","level":"info","message":"GET /catalog","service":"serialboxd-app","timestamp":"2025-11-17 23:46:41"}
{"ip":"::1","level":"info","message":"GET /style.css","service":"serialboxd-app","timestamp":"2025-11-17 23:46:41"}
{"ip":"::1","level":"info","message":"GET /js/gtag-stub.js","service":"serialboxd-app","timestamp":"2025-11-17 23:46:41"}
{"ip":"::1","level":"info","message":"GET /script.js","service":"serialboxd-app","timestamp":"2025-11-17 23:46:41"}
{"ip":"::1","level":"info","message":"GET /catalog.js","service":"serialboxd-app","timestamp":"2025-11-17 23:46:41"}
{"ip":"::1","level":"info","message":"GET /api/tmdb/recent","service":"serialboxd-app","timestamp":"2025-11-17 23:46:41"}
{"ip":"::1","level":"info","message":"GET /api/tmdb/discover?page=1","service":"serialboxd-app","timestamp":"2025-11-17 23:46:41"}
{"ip":"::1","level":"info","message":"GET /api/tmdb/discover?page=2","service":"serialboxd-app","timestamp":"2025-11-17 23:46:48"}
{"ip":"::1","level":"info","message":"GET /serie.html?id=66732","service":"serialboxd-app","timestamp":"2025-11-17 23:46:55"}
{"ip":"::1","level":"info","message":"GET /style.css","service":"serialboxd-app","timestamp":"2025-11-17 23:46:55"}
{"ip":"::1","level":"info","message":"GET /serie.js","service":"serialboxd-app","timestamp":"2025-11-17 23:46:55"}
{"ip":"::1","level":"info","message":"GET /api/tmdb/tv/66732","service":"serialboxd-app","timestamp":"2025-11-17 23:46:55"}
{"ip":"::1","level":"info","message":"GET /style.css","service":"serialboxd-app","timestamp":"2025-11-17 23:47:19"}
{"ip":"::1","level":"info","message":"GET /.well-known/appspecific/com.chrome.devtools.json","service":"serialboxd-app","timestamp":"2025-11-17 23:47:19"}
{"ip":"::1","level":"info","message":"POST /api/logout","service":"serialboxd-app","timestamp":"2025-11-17 23:48:06"}
{"level":"info","message":"Sessão revogada (logout) para o usuário","service":"serialboxd-app","timestamp":"2025-11-17 23:48:06","userId":2}
{"ip":"::1","level":"info","message":"GET /login.html","service":"serialboxd-app","timestamp":"2025-11-17 23:48:06"}
{"ip":"::1","level":"info","message":"GET /.well-known/appspecific/com.chrome.devtools.json","service":"serialboxd-app","timestamp":"2025-11-17 23:48:06"}
{"ip":"::1","level":"info","message":"GET /style.css","service":"serialboxd-app","timestamp":"2025-11-17 23:48:06"}
{"ip":"::1","level":"info","message":"GET /script.js","service":"serialboxd-app","timestamp":"2025-11-17 23:48:06"}
{"ip":"::1","level":"info","message":"GET /api/tmdb/recent","service":"serialboxd-app","timestamp":"2025-11-17 23:48:06"}
{"level":"info","message":"Pool de conexão com o banco de dados MySQL pronto.","service":"serialboxd-app","timestamp":"2025-11-18 00:00:43"}
{"level":"info","message":"Servidor rodando em http://localhost:3000","service":"serialboxd-app","timestamp":"2025-11-18 00:00:43"}
{"level":"info","message":"Pool de conexão com o banco de dados MySQL pronto.","service":"serialboxd-app","timestamp":"2025-11-18 00:01:08"}
{"level":"info","message":"Servidor rodando em http://localhost:3000","service":"serialboxd-app","timestamp":"2025-11-18 00:01:08"}
